[[1;34mINFO[m] Scanning for projects...
[[1;34mINFO[m] [1m------------------------------------------------------------------------[m
[[1;34mINFO[m] [1;31mBUILD FAILURE[m
[[1;34mINFO[m] [1m------------------------------------------------------------------------[m
[[1;34mINFO[m] Total time:  0.123 s
[[1;34mINFO[m] Finished at: 2025-04-10T01:45:04-04:00
[[1;34mINFO[m] [1m------------------------------------------------------------------------[m
[[1;31mERROR[m] The goal you specified requires a project to execute but there is no POM in this directory (/lclhome/aadon004). Please verify you invoked Maven from the correct directory. -> [1m[Help 1][m
[[1;31mERROR[m] 
[[1;31mERROR[m] To see the full stack trace of the errors, re-run Maven with the [1m-e[m switch.
[[1;31mERROR[m] Re-run Maven using the [1m-X[m switch to enable full debug logging.
[[1;31mERROR[m] 
[[1;31mERROR[m] For more information about the errors and possible solutions, please read the following articles:
[[1;31mERROR[m] [1m[Help 1][m http://cwiki.apache.org/confluence/display/MAVEN/MissingProjectException
[[1;34mINFO[m] Scanning for projects...
[[1;34mINFO[m] 
[[1;34mINFO[m] [1m------------------< [0;36morg.example:cucumber-linux-test[0;1m >-------------------[m
[[1;34mINFO[m] [1mBuilding cucumber-linux-test 1.0-SNAPSHOT[m
[[1;34mINFO[m] [1m--------------------------------[ jar ]---------------------------------[m
[[1;34mINFO[m] 
[[1;34mINFO[m] [1m--- [0;32mmaven-clean-plugin:2.5:clean[m [1m(default-clean)[m @ [36mcucumber-linux-test[0;1m ---[m
[[1;34mINFO[m] Deleting /lclhome/aadon004/automation/cucumber-linux-test/target
[[1;34mINFO[m] 
[[1;34mINFO[m] [1m--- [0;32mmaven-resources-plugin:2.6:resources[m [1m(default-resources)[m @ [36mcucumber-linux-test[0;1m ---[m
[[1;33mWARNING[m] Using platform encoding (UTF-8 actually) to copy filtered resources, i.e. build is platform dependent!
[[1;34mINFO[m] skip non existing resourceDirectory /lclhome/aadon004/automation/cucumber-linux-test/src/main/resources
[[1;34mINFO[m] 
[[1;34mINFO[m] [1m--- [0;32mmaven-compiler-plugin:3.1:compile[m [1m(default-compile)[m @ [36mcucumber-linux-test[0;1m ---[m
[[1;34mINFO[m] Changes detected - recompiling the module!
[[1;33mWARNING[m] File encoding has not been set, using platform encoding UTF-8, i.e. build is platform dependent!
[[1;34mINFO[m] Compiling 1 source file to /lclhome/aadon004/automation/cucumber-linux-test/target/classes
[[1;34mINFO[m] 
[[1;34mINFO[m] [1m--- [0;32mmaven-resources-plugin:2.6:testResources[m [1m(default-testResources)[m @ [36mcucumber-linux-test[0;1m ---[m
[[1;33mWARNING[m] Using platform encoding (UTF-8 actually) to copy filtered resources, i.e. build is platform dependent!
[[1;34mINFO[m] Copying 1 resource
[[1;34mINFO[m] 
[[1;34mINFO[m] [1m--- [0;32mmaven-compiler-plugin:3.1:testCompile[m [1m(default-testCompile)[m @ [36mcucumber-linux-test[0;1m ---[m
[[1;34mINFO[m] Changes detected - recompiling the module!
[[1;33mWARNING[m] File encoding has not been set, using platform encoding UTF-8, i.e. build is platform dependent!
[[1;34mINFO[m] Compiling 2 source files to /lclhome/aadon004/automation/cucumber-linux-test/target/test-classes
[[1;34mINFO[m] 
[[1;34mINFO[m] [1m--- [0;32mmaven-surefire-plugin:2.22.2:test[m [1m(default-test)[m @ [36mcucumber-linux-test[0;1m ---[m
[[1;34mINFO[m] 
[[1;34mINFO[m] -------------------------------------------------------
[[1;34mINFO[m]  T E S T S
[[1;34mINFO[m] -------------------------------------------------------
[[1;34mINFO[m] Running [1mRunCucumberTest[m

Scenario: Say Hello [90m# src/test/resources/features/test.feature:3[0m
SLF4J: No SLF4J providers were found.
SLF4J: Defaulting to no-operation (NOP) logger implementation
SLF4J: See https://www.slf4j.org/codes.html#noProviders for further details.
Apr 10, 2025 2:00:31 AM org.openqa.selenium.devtools.CdpVersionFinder findNearestMatch
WARNING: Unable to find CDP implementation matching 135
Apr 10, 2025 2:00:31 AM org.openqa.selenium.chromium.ChromiumDriver lambda$new$5
WARNING: Unable to find version of CDP to use for 135.0.7049.84. You may need to include a dependency on a specific version of the CDP using something similar to `org.seleniumhq.selenium:selenium-devtools-v86:4.13.0` where the version ("v86") matches the version of the chromium-based browser you're using and the version number of the artifact is the same as Selenium's.
Hello from Linux!
  [32mGiven [0m[32mI say hello[0m [90m# stepDefinitions.HelloSteps.i_say_hello()[0m

Scenario: Open my website and verify functionality                                       [90m# src/test/resources/features/test.feature:7[0m
Apr 10, 2025 2:00:38 AM org.openqa.selenium.devtools.CdpVersionFinder findNearestMatch
WARNING: Unable to find CDP implementation matching 135
Apr 10, 2025 2:00:38 AM org.openqa.selenium.chromium.ChromiumDriver lambda$new$5
WARNING: Unable to find version of CDP to use for 135.0.7049.84. You may need to include a dependency on a specific version of the CDP using something similar to `org.seleniumhq.selenium:selenium-devtools-v86:4.13.0` where the version ("v86") matches the version of the chromium-based browser you're using and the version number of the artifact is the same as Selenium's.
  [32mGiven [0m[32mI open the browser and navigate to [0m[32m[1m"https://eicdev.fiu.edu/utcdbresearch/search"[0m [90m# stepDefinitions.HelloSteps.i_open_the_browser_and_navigate_to(java.lang.String)[0m
  [32mThen [0m[32mI search for [0m[32m[1m"Design-Bid-Build,Precast Approach Slab"[0m                             [90m# stepDefinitions.HelloSteps.SearchForKeyWord(java.lang.String)[0m
  [32mAnd [0m[32mI click the Search button[0m                                                          [90m# stepDefinitions.HelloSteps.iClickSearchButton()[0m
Found 15 Results
  [32mThen [0m[32mI verify [0m[32m[1m"15"[0m[32m results[0m                                                             [90m# stepDefinitions.HelloSteps.i_verify_the_site_functions_as_expected(java.lang.String)[0m

Scenario: Open my website and verify functionality                                       [90m# src/test/resources/features/test.feature:13[0m
Apr 10, 2025 2:01:00 AM org.openqa.selenium.devtools.CdpVersionFinder findNearestMatch
WARNING: Unable to find CDP implementation matching 135
Apr 10, 2025 2:01:00 AM org.openqa.selenium.chromium.ChromiumDriver lambda$new$5
WARNING: Unable to find version of CDP to use for 135.0.7049.84. You may need to include a dependency on a specific version of the CDP using something similar to `org.seleniumhq.selenium:selenium-devtools-v86:4.13.0` where the version ("v86") matches the version of the chromium-based browser you're using and the version number of the artifact is the same as Selenium's.
  [32mGiven [0m[32mI open the browser and navigate to [0m[32m[1m"https://eicdev.fiu.edu/utcdbresearch/search"[0m [90m# stepDefinitions.HelloSteps.i_open_the_browser_and_navigate_to(java.lang.String)[0m
  [32mThen [0m[32mI select Beam Material [0m[32m[1m"Steel"[0m                                                    [90m# stepDefinitions.HelloSteps.selectBeamMaterial(java.lang.String)[0m
  [32mThen [0m[32mI select Spans [0m[32m[1m"> Three-span"[0m                                                     [90m# stepDefinitions.HelloSteps.selectSpans(java.lang.String)[0m
  [32mThen [0m[32mI search for [0m[32m[1m"Full-Depth Precast Deck Panel w/o PT"[0m                               [90m# stepDefinitions.HelloSteps.SearchForKeyWord(java.lang.String)[0m
  [32mAnd [0m[32mI click the Search button[0m                                                          [90m# stepDefinitions.HelloSteps.iClickSearchButton()[0m
Found 15 Results
  [31mThen [0m[31mI verify [0m[31m[1m"15"[0m[31m results[0m                                                             [90m# stepDefinitions.HelloSteps.i_verify_the_site_functions_as_expected(java.lang.String)[0m
      [31mjava.lang.AssertionError
	at org.junit.Assert.fail(Assert.java:87)
	at org.junit.Assert.assertTrue(Assert.java:42)
	at org.junit.Assert.assertTrue(Assert.java:53)
	at stepDefinitions.HelloSteps.i_verify_the_site_functions_as_expected(HelloSteps.java:83)
	at âœ½.I verify "15" results(file:///lclhome/aadon004/automation/cucumber-linux-test/src/test/resources/features/test.feature:19)
[0m

Scenario: Open my website and verify functionality                                       [90m# src/test/resources/features/test.feature:21[0m
Apr 10, 2025 2:01:22 AM org.openqa.selenium.devtools.CdpVersionFinder findNearestMatch
WARNING: Unable to find CDP implementation matching 135
Apr 10, 2025 2:01:22 AM org.openqa.selenium.chromium.ChromiumDriver lambda$new$5
WARNING: Unable to find version of CDP to use for 135.0.7049.84. You may need to include a dependency on a specific version of the CDP using something similar to `org.seleniumhq.selenium:selenium-devtools-v86:4.13.0` where the version ("v86") matches the version of the chromium-based browser you're using and the version number of the artifact is the same as Selenium's.
  [32mGiven [0m[32mI open the browser and navigate to [0m[32m[1m"https://eicdev.fiu.edu/utcdbresearch/search"[0m [90m# stepDefinitions.HelloSteps.i_open_the_browser_and_navigate_to(java.lang.String)[0m
  [32mThen [0m[32mI select the Construction Equipment Category [0m[32m[1m"Lateral Slide"[0m                      [90m# stepDefinitions.HelloSteps.selectConstructionEquipement(java.lang.String)[0m
  [32mThen [0m[32mI select the Construction Equipment Category [0m[32m[1m"Longitudinal Launch"[0m                [90m# stepDefinitions.HelloSteps.selectConstructionEquipement(java.lang.String)[0m
  [32mThen [0m[32mI select the location [0m[32m[1m"Urban"[0m                                                     [90m# stepDefinitions.HelloSteps.selectLocation(java.lang.String)[0m
  [32mThen [0m[32mI select the Traffic Impact Category [0m[32m[1m"Tier 1 (within 1 day)"[0m                      [90m# stepDefinitions.HelloSteps.selectTrafficImpactCategory(java.lang.String)[0m
  [32mThen [0m[32mI select the Traffic Impact Category [0m[32m[1m"Tier 2 (within 3 days)"[0m                     [90m# stepDefinitions.HelloSteps.selectTrafficImpactCategory(java.lang.String)[0m
  [32mThen [0m[32mI search for [0m[32m[1m" incentive / disincentive clause"[0m                                   [90m# stepDefinitions.HelloSteps.SearchForKeyWord(java.lang.String)[0m
  [32mAnd [0m[32mI click the Search button[0m                                                          [90m# stepDefinitions.HelloSteps.iClickSearchButton()[0m
Found 13 Results
  [31mThen [0m[31mI verify [0m[31m[1m"13"[0m[31m results[0m                                                             [90m# stepDefinitions.HelloSteps.i_verify_the_site_functions_as_expected(java.lang.String)[0m
      [31mjava.lang.AssertionError
	at org.junit.Assert.fail(Assert.java:87)
	at org.junit.Assert.assertTrue(Assert.java:42)
	at org.junit.Assert.assertTrue(Assert.java:53)
	at stepDefinitions.HelloSteps.i_verify_the_site_functions_as_expected(HelloSteps.java:83)
	at âœ½.I verify "13" results(file:///lclhome/aadon004/automation/cucumber-linux-test/src/test/resources/features/test.feature:30)
[0m

Scenario: Open my website and verify functionality                                       [90m# src/test/resources/features/test.feature:32[0m
Apr 10, 2025 2:01:50 AM org.openqa.selenium.devtools.CdpVersionFinder findNearestMatch
WARNING: Unable to find CDP implementation matching 135
Apr 10, 2025 2:01:50 AM org.openqa.selenium.chromium.ChromiumDriver lambda$new$5
WARNING: Unable to find version of CDP to use for 135.0.7049.84. You may need to include a dependency on a specific version of the CDP using something similar to `org.seleniumhq.selenium:selenium-devtools-v86:4.13.0` where the version ("v86") matches the version of the chromium-based browser you're using and the version number of the artifact is the same as Selenium's.
  [32mGiven [0m[32mI open the browser and navigate to [0m[32m[1m"https://eicdev.fiu.edu/utcdbresearch/search"[0m [90m# stepDefinitions.HelloSteps.i_open_the_browser_and_navigate_to(java.lang.String)[0m
  [32mThen [0m[32mI select the location [0m[32m[1m"Urban"[0m                                                     [90m# stepDefinitions.HelloSteps.selectLocation(java.lang.String)[0m
  [32mThen [0m[32mI select the state [0m[32m[1m"Utah"[0m                                                         [90m# stepDefinitions.HelloSteps.i_perform_actions_on_the_site(java.lang.String)[0m
  [32mThen [0m[32mI select the state [0m[32m[1m"Massachusetts"[0m                                                [90m# stepDefinitions.HelloSteps.i_perform_actions_on_the_site(java.lang.String)[0m
  [32mThen [0m[32mI select the Construction Equipment Category [0m[32m[1m"SPMTs"[0m                              [90m# stepDefinitions.HelloSteps.selectConstructionEquipement(java.lang.String)[0m
  [32mThen [0m[32mI select the total bridge length range [0m[32m[1m"150"[0m[32m to [0m[32m[1m"500"[0m                             [90m# stepDefinitions.HelloSteps.selectBridgeLengthRange(java.lang.String,java.lang.String)[0m
  [32mThen [0m[32mI search for [0m[32m[1m"Improved work-zone safety, CIP substructure under traffic , FDcBs"[0m  [90m# stepDefinitions.HelloSteps.SearchForKeyWord(java.lang.String)[0m
  [32mThen [0m[32mI select the max span length range [0m[32m[1m"100"[0m[32m to [0m[32m[1m"200"[0m                                 [90m# stepDefinitions.HelloSteps.selectMaxSpanLength(java.lang.String,java.lang.String)[0m
  [32mAnd [0m[32mI click the Search button[0m                                                          [90m# stepDefinitions.HelloSteps.iClickSearchButton()[0m
Found 1 Results
  [32mThen [0m[32mI verify [0m[32m[1m"1"[0m[32m results[0m                                                              [90m# stepDefinitions.HelloSteps.i_verify_the_site_functions_as_expected(java.lang.String)[0m

Scenario: Open my website and verify functionality                                       [90m# src/test/resources/features/test.feature:44[0m
Apr 10, 2025 2:02:21 AM org.openqa.selenium.devtools.CdpVersionFinder findNearestMatch
WARNING: Unable to find CDP implementation matching 135
Apr 10, 2025 2:02:21 AM org.openqa.selenium.chromium.ChromiumDriver lambda$new$5
WARNING: Unable to find version of CDP to use for 135.0.7049.84. You may need to include a dependency on a specific version of the CDP using something similar to `org.seleniumhq.selenium:selenium-devtools-v86:4.13.0` where the version ("v86") matches the version of the chromium-based browser you're using and the version number of the artifact is the same as Selenium's.
  [32mGiven [0m[32mI open the browser and navigate to [0m[32m[1m"https://eicdev.fiu.edu/utcdbresearch/search"[0m [90m# stepDefinitions.HelloSteps.i_open_the_browser_and_navigate_to(java.lang.String)[0m
  [32mThen [0m[32mI select Funding Source [0m[32m[1m"Federal Only"[0m                                            [90m# stepDefinitions.HelloSteps.SelectFundingSource(java.lang.String)[0m
  [32mThen [0m[32mI select Funding Source [0m[32m[1m"Local"[0m                                                   [90m# stepDefinitions.HelloSteps.SelectFundingSource(java.lang.String)[0m
  [32mThen [0m[32mI select the Average Daily Traffic Range [0m[32m[1m"500"[0m[32m to [0m[32m[1m"2000"[0m                          [90m# stepDefinitions.HelloSteps.selectaverageDailyTraffic(java.lang.String,java.lang.String)[0m
  [32mThen [0m[32mI select the Year built range [0m[32m[1m"2015"[0m[32m to [0m[32m[1m"2024"[0m                                    [90m# stepDefinitions.HelloSteps.selectYearBuilt(java.lang.String,java.lang.String)[0m
  [32mThen [0m[32mI search for [0m[32m[1m"AID Demo"[0m                                                           [90m# stepDefinitions.HelloSteps.SearchForKeyWord(java.lang.String)[0m
  [32mAnd [0m[32mI click the Search button[0m                                                          [90m# stepDefinitions.HelloSteps.iClickSearchButton()[0m
Found 1 Results
  [32mThen [0m[32mI verify [0m[32m[1m"1"[0m[32m results[0m                                                              [90m# stepDefinitions.HelloSteps.i_verify_the_site_functions_as_expected(java.lang.String)[0m

Scenario: Open my website and verify functionality                                       [90m# src/test/resources/features/test.feature:54[0m
Apr 10, 2025 2:02:47 AM org.openqa.selenium.devtools.CdpVersionFinder findNearestMatch
WARNING: Unable to find CDP implementation matching 135
Apr 10, 2025 2:02:47 AM org.openqa.selenium.chromium.ChromiumDriver lambda$new$5
WARNING: Unable to find version of CDP to use for 135.0.7049.84. You may need to include a dependency on a specific version of the CDP using something similar to `org.seleniumhq.selenium:selenium-devtools-v86:4.13.0` where the version ("v86") matches the version of the chromium-based browser you're using and the version number of the artifact is the same as Selenium's.
  [32mGiven [0m[32mI open the browser and navigate to [0m[32m[1m"https://eicdev.fiu.edu/utcdbresearch/search"[0m [90m# stepDefinitions.HelloSteps.i_open_the_browser_and_navigate_to(java.lang.String)[0m
  [32mThen [0m[32mI search for [0m[32m[1m"Longitudinal Launch"[0m                                                [90m# stepDefinitions.HelloSteps.SearchForKeyWord(java.lang.String)[0m
  [32mAnd [0m[32mI click the Search button[0m                                                          [90m# stepDefinitions.HelloSteps.iClickSearchButton()[0m
Found 1 Results
  [32mThen [0m[32mI verify [0m[32m[1m"1"[0m[32m results[0m                                                              [90m# stepDefinitions.HelloSteps.i_verify_the_site_functions_as_expected(java.lang.String)[0m

Scenario: Open my website and verify functionality                                       [90m# src/test/resources/features/test.feature:60[0m
Apr 10, 2025 2:03:21 AM org.openqa.selenium.devtools.CdpVersionFinder findNearestMatch
WARNING: Unable to find CDP implementation matching 135
Apr 10, 2025 2:03:21 AM org.openqa.selenium.chromium.ChromiumDriver lambda$new$5
WARNING: Unable to find version of CDP to use for 135.0.7049.84. You may need to include a dependency on a specific version of the CDP using something similar to `org.seleniumhq.selenium:selenium-devtools-v86:4.13.0` where the version ("v86") matches the version of the chromium-based browser you're using and the version number of the artifact is the same as Selenium's.
  [32mGiven [0m[32mI open the browser and navigate to [0m[32m[1m"https://eicdev.fiu.edu/utcdbresearch/search"[0m [90m# stepDefinitions.HelloSteps.i_open_the_browser_and_navigate_to(java.lang.String)[0m
  [32mThen [0m[32mI search for [0m[32m[1m"CIP substructure under traffic"[0m                                     [90m# stepDefinitions.HelloSteps.SearchForKeyWord(java.lang.String)[0m
  [32mAnd [0m[32mI click the Search button[0m                                                          [90m# stepDefinitions.HelloSteps.iClickSearchButton()[0m
Found 18 Results
  [31mThen [0m[31mI verify [0m[31m[1m"18"[0m[31m results[0m                                                             [90m# stepDefinitions.HelloSteps.i_verify_the_site_functions_as_expected(java.lang.String)[0m
      [31mjava.lang.AssertionError
	at org.junit.Assert.fail(Assert.java:87)
	at org.junit.Assert.assertTrue(Assert.java:42)
	at org.junit.Assert.assertTrue(Assert.java:53)
	at stepDefinitions.HelloSteps.i_verify_the_site_functions_as_expected(HelloSteps.java:83)
	at âœ½.I verify "18" results(file:///lclhome/aadon004/automation/cucumber-linux-test/src/test/resources/features/test.feature:64)
[0m
[[1;31mERROR[m] [1;31mTests [0;1mrun: [0;1m8[m, [1;31mFailures: [0;1;31m3[m, Errors: 0, Skipped: 0, Time elapsed: 206.296 s[1;31m <<< FAILURE![m - in [1mRunCucumberTest[m
[[1;31mERROR[m] Open my website and verify functionality #2(Hello)  Time elapsed: 23.416 s  <<< FAILURE!
java.lang.AssertionError

[[1;31mERROR[m] Open my website and verify functionality #3(Hello)  Time elapsed: 28.171 s  <<< FAILURE!
java.lang.AssertionError

[[1;31mERROR[m] Open my website and verify functionality #7(Hello)  Time elapsed: 42.27 s  <<< FAILURE!
java.lang.AssertionError

[[1;34mINFO[m] 
[[1;34mINFO[m] Results:
[[1;34mINFO[m] 
[[1;31mERROR[m] [1;31mFailures: [m
[[1;31mERROR[m] [1;31m  null[m
[[1;31mERROR[m] [1;31m  null[m
[[1;31mERROR[m] [1;31m  null[m
[[1;34mINFO[m] 
[[1;31mERROR[m] [1;31mTests run: 8, Failures: 3, Errors: 0, Skipped: 0[m
[[1;34mINFO[m] 
[[1;31mERROR[m] There are test failures.

Please refer to /lclhome/aadon004/automation/cucumber-linux-test/target/surefire-reports for the individual test results.
Please refer to dump files (if any exist) [date].dump, [date]-jvmRun[N].dump and [date].dumpstream.
[[1;34mINFO[m] 
[[1;34mINFO[m] [1m--- [0;32mmaven-jar-plugin:2.4:jar[m [1m(default-jar)[m @ [36mcucumber-linux-test[0;1m ---[m
[[1;34mINFO[m] Building jar: /lclhome/aadon004/automation/cucumber-linux-test/target/cucumber-linux-test-1.0-SNAPSHOT.jar
[[1;34mINFO[m] 
[[1;34mINFO[m] [1m--- [0;32mexec-maven-plugin:3.1.0:java[m [1m(send-report-email)[m @ [36mcucumber-linux-test[0;1m ---[m
âœ… Report emailed successfully!
[[1;34mINFO[m] [1m------------------------------------------------------------------------[m
[[1;34mINFO[m] [1;32mBUILD SUCCESS[m
[[1;34mINFO[m] [1m------------------------------------------------------------------------[m
[[1;34mINFO[m] Total time:  03:55 min
[[1;34mINFO[m] Finished at: 2025-04-10T02:04:02-04:00
[[1;34mINFO[m] [1m------------------------------------------------------------------------[m
[[1;34mINFO[m] Scanning for projects...
[[1;34mINFO[m] 
[[1;34mINFO[m] [1m------------------< [0;36morg.example:cucumber-linux-test[0;1m >-------------------[m
[[1;34mINFO[m] [1mBuilding cucumber-linux-test 1.0-SNAPSHOT[m
[[1;34mINFO[m] [1m--------------------------------[ jar ]---------------------------------[m
[[1;34mINFO[m] 
[[1;34mINFO[m] [1m--- [0;32mmaven-clean-plugin:2.5:clean[m [1m(default-clean)[m @ [36mcucumber-linux-test[0;1m ---[m
[[1;34mINFO[m] Deleting /lclhome/aadon004/automation/cucumber-linux-test/target
[[1;34mINFO[m] 
[[1;34mINFO[m] [1m--- [0;32mmaven-resources-plugin:2.6:resources[m [1m(default-resources)[m @ [36mcucumber-linux-test[0;1m ---[m
[[1;33mWARNING[m] Using platform encoding (UTF-8 actually) to copy filtered resources, i.e. build is platform dependent!
[[1;34mINFO[m] skip non existing resourceDirectory /lclhome/aadon004/automation/cucumber-linux-test/src/main/resources
[[1;34mINFO[m] 
[[1;34mINFO[m] [1m--- [0;32mmaven-compiler-plugin:3.1:compile[m [1m(default-compile)[m @ [36mcucumber-linux-test[0;1m ---[m
[[1;34mINFO[m] Changes detected - recompiling the module!
[[1;33mWARNING[m] File encoding has not been set, using platform encoding UTF-8, i.e. build is platform dependent!
[[1;34mINFO[m] Compiling 1 source file to /lclhome/aadon004/automation/cucumber-linux-test/target/classes
[[1;34mINFO[m] 
[[1;34mINFO[m] [1m--- [0;32mmaven-resources-plugin:2.6:testResources[m [1m(default-testResources)[m @ [36mcucumber-linux-test[0;1m ---[m
[[1;33mWARNING[m] Using platform encoding (UTF-8 actually) to copy filtered resources, i.e. build is platform dependent!
[[1;34mINFO[m] Copying 1 resource
[[1;34mINFO[m] 
[[1;34mINFO[m] [1m--- [0;32mmaven-compiler-plugin:3.1:testCompile[m [1m(default-testCompile)[m @ [36mcucumber-linux-test[0;1m ---[m
[[1;34mINFO[m] Changes detected - recompiling the module!
[[1;33mWARNING[m] File encoding has not been set, using platform encoding UTF-8, i.e. build is platform dependent!
[[1;34mINFO[m] Compiling 2 source files to /lclhome/aadon004/automation/cucumber-linux-test/target/test-classes
[[1;34mINFO[m] 
[[1;34mINFO[m] [1m--- [0;32mmaven-surefire-plugin:2.22.2:test[m [1m(default-test)[m @ [36mcucumber-linux-test[0;1m ---[m
[[1;34mINFO[m] 
[[1;34mINFO[m] -------------------------------------------------------
[[1;34mINFO[m]  T E S T S
[[1;34mINFO[m] -------------------------------------------------------
[[1;34mINFO[m] Running [1mRunCucumberTest[m

Scenario: Say Hello [90m# src/test/resources/features/test.feature:3[0m
SLF4J: No SLF4J providers were found.
SLF4J: Defaulting to no-operation (NOP) logger implementation
SLF4J: See https://www.slf4j.org/codes.html#noProviders for further details.
Apr 10, 2025 2:06:15 AM org.openqa.selenium.devtools.CdpVersionFinder findNearestMatch
WARNING: Unable to find CDP implementation matching 135
Apr 10, 2025 2:06:18 AM org.openqa.selenium.chromium.ChromiumDriver lambda$new$5
WARNING: Unable to find version of CDP to use for 135.0.7049.84. You may need to include a dependency on a specific version of the CDP using something similar to `org.seleniumhq.selenium:selenium-devtools-v86:4.13.0` where the version ("v86") matches the version of the chromium-based browser you're using and the version number of the artifact is the same as Selenium's.
Hello from Linux!
  [32mGiven [0m[32mI say hello[0m [90m# stepDefinitions.HelloSteps.i_say_hello()[0m

Scenario: Open my website and verify functionality                                       [90m# src/test/resources/features/test.feature:7[0m
Apr 10, 2025 2:06:54 AM org.openqa.selenium.devtools.CdpVersionFinder findNearestMatch
WARNING: Unable to find CDP implementation matching 135
Apr 10, 2025 2:06:54 AM org.openqa.selenium.chromium.ChromiumDriver lambda$new$5
WARNING: Unable to find version of CDP to use for 135.0.7049.84. You may need to include a dependency on a specific version of the CDP using something similar to `org.seleniumhq.selenium:selenium-devtools-v86:4.13.0` where the version ("v86") matches the version of the chromium-based browser you're using and the version number of the artifact is the same as Selenium's.
  [32mGiven [0m[32mI open the browser and navigate to [0m[32m[1m"https://eicdev.fiu.edu/utcdbresearch/search"[0m [90m# stepDefinitions.HelloSteps.i_open_the_browser_and_navigate_to(java.lang.String)[0m
  [32mThen [0m[32mI search for [0m[32m[1m"Design-Bid-Build,Precast Approach Slab"[0m                             [90m# stepDefinitions.HelloSteps.SearchForKeyWord(java.lang.String)[0m
  [32mAnd [0m[32mI click the Search button[0m                                                          [90m# stepDefinitions.HelloSteps.iClickSearchButton()[0m
Found 15 Results
  [32mThen [0m[32mI verify [0m[32m[1m"15"[0m[32m results[0m                                                             [90m# stepDefinitions.HelloSteps.i_verify_the_site_functions_as_expected(java.lang.String)[0m

Scenario: Open my website and verify functionality                                       [90m# src/test/resources/features/test.feature:13[0m
Apr 10, 2025 2:08:13 AM org.openqa.selenium.devtools.CdpVersionFinder findNearestMatch
WARNING: Unable to find CDP implementation matching 135
Apr 10, 2025 2:08:13 AM org.openqa.selenium.chromium.ChromiumDriver lambda$new$5
WARNING: Unable to find version of CDP to use for 135.0.7049.84. You may need to include a dependency on a specific version of the CDP using something similar to `org.seleniumhq.selenium:selenium-devtools-v86:4.13.0` where the version ("v86") matches the version of the chromium-based browser you're using and the version number of the artifact is the same as Selenium's.
  [32mGiven [0m[32mI open the browser and navigate to [0m[32m[1m"https://eicdev.fiu.edu/utcdbresearch/search"[0m [90m# stepDefinitions.HelloSteps.i_open_the_browser_and_navigate_to(java.lang.String)[0m
  [32mThen [0m[32mI select Beam Material [0m[32m[1m"Steel"[0m                                                    [90m# stepDefinitions.HelloSteps.selectBeamMaterial(java.lang.String)[0m
  [32mThen [0m[32mI select Spans [0m[32m[1m"> Three-span"[0m                                                     [90m# stepDefinitions.HelloSteps.selectSpans(java.lang.String)[0m
  [32mThen [0m[32mI search for [0m[32m[1m"Full-Depth Precast Deck Panel w/o PT"[0m                               [90m# stepDefinitions.HelloSteps.SearchForKeyWord(java.lang.String)[0m
  [32mAnd [0m[32mI click the Search button[0m                                                          [90m# stepDefinitions.HelloSteps.iClickSearchButton()[0m
Found 15 Results
  [31mThen [0m[31mI verify [0m[31m[1m"15"[0m[31m results[0m                                                             [90m# stepDefinitions.HelloSteps.i_verify_the_site_functions_as_expected(java.lang.String)[0m
      [31mjava.lang.AssertionError
	at org.junit.Assert.fail(Assert.java:87)
	at org.junit.Assert.assertTrue(Assert.java:42)
	at org.junit.Assert.assertTrue(Assert.java:53)
	at stepDefinitions.HelloSteps.i_verify_the_site_functions_as_expected(HelloSteps.java:83)
	at âœ½.I verify "15" results(file:///lclhome/aadon004/automation/cucumber-linux-test/src/test/resources/features/test.feature:19)
[0m

Scenario: Open my website and verify functionality                                       [90m# src/test/resources/features/test.feature:21[0m
Apr 10, 2025 2:08:56 AM org.openqa.selenium.devtools.CdpVersionFinder findNearestMatch
WARNING: Unable to find CDP implementation matching 135
Apr 10, 2025 2:08:56 AM org.openqa.selenium.chromium.ChromiumDriver lambda$new$5
WARNING: Unable to find version of CDP to use for 135.0.7049.84. You may need to include a dependency on a specific version of the CDP using something similar to `org.seleniumhq.selenium:selenium-devtools-v86:4.13.0` where the version ("v86") matches the version of the chromium-based browser you're using and the version number of the artifact is the same as Selenium's.
  [32mGiven [0m[32mI open the browser and navigate to [0m[32m[1m"https://eicdev.fiu.edu/utcdbresearch/search"[0m [90m# stepDefinitions.HelloSteps.i_open_the_browser_and_navigate_to(java.lang.String)[0m
  [32mThen [0m[32mI select the Construction Equipment Category [0m[32m[1m"Lateral Slide"[0m                      [90m# stepDefinitions.HelloSteps.selectConstructionEquipement(java.lang.String)[0m
  [32mThen [0m[32mI select the Construction Equipment Category [0m[32m[1m"Longitudinal Launch"[0m                [90m# stepDefinitions.HelloSteps.selectConstructionEquipement(java.lang.String)[0m
  [32mThen [0m[32mI select the location [0m[32m[1m"Urban"[0m                                                     [90m# stepDefinitions.HelloSteps.selectLocation(java.lang.String)[0m
  [32mThen [0m[32mI select the Traffic Impact Category [0m[32m[1m"Tier 1 (within 1 day)"[0m                      [90m# stepDefinitions.HelloSteps.selectTrafficImpactCategory(java.lang.String)[0m
  [32mThen [0m[32mI select the Traffic Impact Category [0m[32m[1m"Tier 2 (within 3 days)"[0m                     [90m# stepDefinitions.HelloSteps.selectTrafficImpactCategory(java.lang.String)[0m
  [32mThen [0m[32mI search for [0m[32m[1m" incentive / disincentive clause"[0m                                   [90m# stepDefinitions.HelloSteps.SearchForKeyWord(java.lang.String)[0m
  [32mAnd [0m[32mI click the Search button[0m                                                          [90m# stepDefinitions.HelloSteps.iClickSearchButton()[0m
Found 13 Results
  [31mThen [0m[31mI verify [0m[31m[1m"13"[0m[31m results[0m                                                             [90m# stepDefinitions.HelloSteps.i_verify_the_site_functions_as_expected(java.lang.String)[0m
      [31mjava.lang.AssertionError
	at org.junit.Assert.fail(Assert.java:87)
	at org.junit.Assert.assertTrue(Assert.java:42)
	at org.junit.Assert.assertTrue(Assert.java:53)
	at stepDefinitions.HelloSteps.i_verify_the_site_functions_as_expected(HelloSteps.java:83)
	at âœ½.I verify "13" results(file:///lclhome/aadon004/automation/cucumber-linux-test/src/test/resources/features/test.feature:30)
[0m

Scenario: Open my website and verify functionality                                       [90m# src/test/resources/features/test.feature:32[0m
Apr 10, 2025 2:10:28 AM org.openqa.selenium.devtools.CdpVersionFinder findNearestMatch
WARNING: Unable to find CDP implementation matching 135
Apr 10, 2025 2:10:28 AM org.openqa.selenium.chromium.ChromiumDriver lambda$new$5
WARNING: Unable to find version of CDP to use for 135.0.7049.84. You may need to include a dependency on a specific version of the CDP using something similar to `org.seleniumhq.selenium:selenium-devtools-v86:4.13.0` where the version ("v86") matches the version of the chromium-based browser you're using and the version number of the artifact is the same as Selenium's.
  [32mGiven [0m[32mI open the browser and navigate to [0m[32m[1m"https://eicdev.fiu.edu/utcdbresearch/search"[0m [90m# stepDefinitions.HelloSteps.i_open_the_browser_and_navigate_to(java.lang.String)[0m
  [32mThen [0m[32mI select the location [0m[32m[1m"Urban"[0m                                                     [90m# stepDefinitions.HelloSteps.selectLocation(java.lang.String)[0m
  [32mThen [0m[32mI select the state [0m[32m[1m"Utah"[0m                                                         [90m# stepDefinitions.HelloSteps.i_perform_actions_on_the_site(java.lang.String)[0m
  [32mThen [0m[32mI select the state [0m[32m[1m"Massachusetts"[0m                                                [90m# stepDefinitions.HelloSteps.i_perform_actions_on_the_site(java.lang.String)[0m
  [32mThen [0m[32mI select the Construction Equipment Category [0m[32m[1m"SPMTs"[0m                              [90m# stepDefinitions.HelloSteps.selectConstructionEquipement(java.lang.String)[0m
  [32mThen [0m[32mI select the total bridge length range [0m[32m[1m"150"[0m[32m to [0m[32m[1m"500"[0m                             [90m# stepDefinitions.HelloSteps.selectBridgeLengthRange(java.lang.String,java.lang.String)[0m
  [32mThen [0m[32mI search for [0m[32m[1m"Improved work-zone safety, CIP substructure under traffic , FDcBs"[0m  [90m# stepDefinitions.HelloSteps.SearchForKeyWord(java.lang.String)[0m
  [32mThen [0m[32mI select the max span length range [0m[32m[1m"100"[0m[32m to [0m[32m[1m"200"[0m                                 [90m# stepDefinitions.HelloSteps.selectMaxSpanLength(java.lang.String,java.lang.String)[0m
  [32mAnd [0m[32mI click the Search button[0m                                                          [90m# stepDefinitions.HelloSteps.iClickSearchButton()[0m
Found 1 Results
  [32mThen [0m[32mI verify [0m[32m[1m"1"[0m[32m results[0m                                                              [90m# stepDefinitions.HelloSteps.i_verify_the_site_functions_as_expected(java.lang.String)[0m

Scenario: Open my website and verify functionality                                       [90m# src/test/resources/features/test.feature:44[0m
      [31morg.openqa.selenium.SessionNotCreatedException: Could not start a new session. Response code 500. Message: session not created
from chrome not reachable 
Host info: host: 'aadon004', ip: '131.94.130.98'
Build info: version: '4.13.0', revision: 'ba948ece5b*'
System info: os.name: 'Linux', os.arch: 'amd64', os.version: '5.15.0-136-generic', java.version: '11.0.26'
Driver info: org.openqa.selenium.chrome.ChromeDriver
Command: [null, newSession {capabilities=[Capabilities {browserName: chrome, goog:chromeOptions: {args: [--remote-allow-origins=*, --headless, --no-sandbox, --disable-dev-shm-usage, --disable-gpu, --window-size=1920,1080], extensions: []}}]}]
	at org.openqa.selenium.remote.ProtocolHandshake.createSession(ProtocolHandshake.java:140)
	at org.openqa.selenium.remote.ProtocolHandshake.createSession(ProtocolHandshake.java:96)
	at org.openqa.selenium.remote.ProtocolHandshake.createSession(ProtocolHandshake.java:68)
	at org.openqa.selenium.remote.HttpCommandExecutor.execute(HttpCommandExecutor.java:163)
	at org.openqa.selenium.remote.service.DriverCommandExecutor.invokeExecute(DriverCommandExecutor.java:196)
	at org.openqa.selenium.remote.service.DriverCommandExecutor.execute(DriverCommandExecutor.java:171)
	at org.openqa.selenium.remote.RemoteWebDriver.execute(RemoteWebDriver.java:602)
	at org.openqa.selenium.remote.RemoteWebDriver.startSession(RemoteWebDriver.java:236)
	at org.openqa.selenium.remote.RemoteWebDriver.<init>(RemoteWebDriver.java:163)
	at org.openqa.selenium.chromium.ChromiumDriver.<init>(ChromiumDriver.java:108)
	at org.openqa.selenium.chrome.ChromeDriver.<init>(ChromeDriver.java:88)
	at org.openqa.selenium.chrome.ChromeDriver.<init>(ChromeDriver.java:83)
	at org.openqa.selenium.chrome.ChromeDriver.<init>(ChromeDriver.java:72)
	at stepDefinitions.HelloSteps.setUp(HelloSteps.java:34)
[0m
  [36mGiven [0m[36mI open the browser and navigate to [0m[36m[1m"https://eicdev.fiu.edu/utcdbresearch/search"[0m [90m# stepDefinitions.HelloSteps.i_open_the_browser_and_navigate_to(java.lang.String)[0m
  [36mThen [0m[36mI select Funding Source [0m[36m[1m"Federal Only"[0m                                            [90m# stepDefinitions.HelloSteps.SelectFundingSource(java.lang.String)[0m
  [36mThen [0m[36mI select Funding Source [0m[36m[1m"Local"[0m                                                   [90m# stepDefinitions.HelloSteps.SelectFundingSource(java.lang.String)[0m
  [36mThen [0m[36mI select the Average Daily Traffic Range [0m[36m[1m"500"[0m[36m to [0m[36m[1m"2000"[0m                          [90m# stepDefinitions.HelloSteps.selectaverageDailyTraffic(java.lang.String,java.lang.String)[0m
  [36mThen [0m[36mI select the Year built range [0m[36m[1m"2015"[0m[36m to [0m[36m[1m"2024"[0m                                    [90m# stepDefinitions.HelloSteps.selectYearBuilt(java.lang.String,java.lang.String)[0m
  [36mThen [0m[36mI search for [0m[36m[1m"AID Demo"[0m                                                           [90m# stepDefinitions.HelloSteps.SearchForKeyWord(java.lang.String)[0m
  [36mAnd [0m[36mI click the Search button[0m                                                          [90m# stepDefinitions.HelloSteps.iClickSearchButton()[0m
  [36mThen [0m[36mI verify [0m[36m[1m"1"[0m[36m results[0m                                                              [90m# stepDefinitions.HelloSteps.i_verify_the_site_functions_as_expected(java.lang.String)[0m

Scenario: Open my website and verify functionality                                       [90m# src/test/resources/features/test.feature:54[0m
Apr 10, 2025 2:12:55 AM org.openqa.selenium.devtools.CdpVersionFinder findNearestMatch
WARNING: Unable to find CDP implementation matching 135
Apr 10, 2025 2:12:55 AM org.openqa.selenium.chromium.ChromiumDriver lambda$new$5
WARNING: Unable to find version of CDP to use for 135.0.7049.84. You may need to include a dependency on a specific version of the CDP using something similar to `org.seleniumhq.selenium:selenium-devtools-v86:4.13.0` where the version ("v86") matches the version of the chromium-based browser you're using and the version number of the artifact is the same as Selenium's.
  [32mGiven [0m[32mI open the browser and navigate to [0m[32m[1m"https://eicdev.fiu.edu/utcdbresearch/search"[0m [90m# stepDefinitions.HelloSteps.i_open_the_browser_and_navigate_to(java.lang.String)[0m
  [32mThen [0m[32mI search for [0m[32m[1m"Longitudinal Launch"[0m                                                [90m# stepDefinitions.HelloSteps.SearchForKeyWord(java.lang.String)[0m
  [32mAnd [0m[32mI click the Search button[0m                                                          [90m# stepDefinitions.HelloSteps.iClickSearchButton()[0m
Found 1 Results
  [32mThen [0m[32mI verify [0m[32m[1m"1"[0m[32m results[0m                                                              [90m# stepDefinitions.HelloSteps.i_verify_the_site_functions_as_expected(java.lang.String)[0m

Scenario: Open my website and verify functionality                                       [90m# src/test/resources/features/test.feature:60[0m
Apr 10, 2025 2:13:39 AM org.openqa.selenium.devtools.CdpVersionFinder findNearestMatch
WARNING: Unable to find CDP implementation matching 135
Apr 10, 2025 2:13:39 AM org.openqa.selenium.chromium.ChromiumDriver lambda$new$5
WARNING: Unable to find version of CDP to use for 135.0.7049.84. You may need to include a dependency on a specific version of the CDP using something similar to `org.seleniumhq.selenium:selenium-devtools-v86:4.13.0` where the version ("v86") matches the version of the chromium-based browser you're using and the version number of the artifact is the same as Selenium's.
  [32mGiven [0m[32mI open the browser and navigate to [0m[32m[1m"https://eicdev.fiu.edu/utcdbresearch/search"[0m [90m# stepDefinitions.HelloSteps.i_open_the_browser_and_navigate_to(java.lang.String)[0m
  [32mThen [0m[32mI search for [0m[32m[1m"CIP substructure under traffic"[0m                                     [90m# stepDefinitions.HelloSteps.SearchForKeyWord(java.lang.String)[0m
  [32mAnd [0m[32mI click the Search button[0m                                                          [90m# stepDefinitions.HelloSteps.iClickSearchButton()[0m
Found 18 Results
  [31mThen [0m[31mI verify [0m[31m[1m"18"[0m[31m results[0m                                                             [90m# stepDefinitions.HelloSteps.i_verify_the_site_functions_as_expected(java.lang.String)[0m
      [31mjava.lang.AssertionError
	at org.junit.Assert.fail(Assert.java:87)
	at org.junit.Assert.assertTrue(Assert.java:42)
	at org.junit.Assert.assertTrue(Assert.java:53)
	at stepDefinitions.HelloSteps.i_verify_the_site_functions_as_expected(HelloSteps.java:83)
	at âœ½.I verify "18" results(file:///lclhome/aadon004/automation/cucumber-linux-test/src/test/resources/features/test.feature:64)
[0m
[[1;31mERROR[m] [1;31mTests [0;1mrun: [0;1m8[m, [1;31mFailures: [0;1;31m3[m, [1;31mErrors: [0;1;31m1[m, Skipped: 0, Time elapsed: 520.723 s[1;31m <<< FAILURE![m - in [1mRunCucumberTest[m
[[1;31mERROR[m] Open my website and verify functionality #2(Hello)  Time elapsed: 68.278 s  <<< FAILURE!
java.lang.AssertionError

[[1;31mERROR[m] Open my website and verify functionality #3(Hello)  Time elapsed: 59.741 s  <<< FAILURE!
java.lang.AssertionError

[[1;31mERROR[m] Open my website and verify functionality #5(Hello)  Time elapsed: 67.651 s  <<< ERROR!
org.openqa.selenium.SessionNotCreatedException: 
Could not start a new session. Response code 500. Message: session not created
from chrome not reachable 
Host info: host: 'aadon004', ip: '131.94.130.98'
Build info: version: '4.13.0', revision: 'ba948ece5b*'
System info: os.name: 'Linux', os.arch: 'amd64', os.version: '5.15.0-136-generic', java.version: '11.0.26'
Driver info: org.openqa.selenium.chrome.ChromeDriver
Command: [null, newSession {capabilities=[Capabilities {browserName: chrome, goog:chromeOptions: {args: [--remote-allow-origins=*, --headless, --no-sandbox, --disable-dev-shm-usage, --disable-gpu, --window-size=1920,1080], extensions: []}}]}]

[[1;31mERROR[m] Open my website and verify functionality #7(Hello)  Time elapsed: 48.861 s  <<< FAILURE!
java.lang.AssertionError

[[1;34mINFO[m] 
[[1;34mINFO[m] Results:
[[1;34mINFO[m] 
[[1;31mERROR[m] [1;31mFailures: [m
[[1;31mERROR[m] [1;31m  null[m
[[1;31mERROR[m] [1;31m  null[m
[[1;31mERROR[m] [1;31m  null[m
[[1;31mERROR[m] [1;31mErrors: [m
[[1;31mERROR[m] [1;31m  Could not start a new session. Response code 500. Message: session not created
from chrome not reachable 
Host info: host: 'aadon004', ip: '131.94.130.98'
Build info: version: '4.13.0', revision: 'ba948ece5b*'
System info: os.name: 'Linux', os.arch: 'amd64', os.version: '5.15.0-136-generic', java.version: '11.0.26'
Driver info: org.openqa.selenium.chrome.ChromeDriver
Command: [null, newSession {capabilities=[Capabilities {browserName: chrome, goog:chromeOptions: {args: [--remote-allow-origins=*, --headless, --no-sandbox, --disable-dev-shm-usage, --disable-gpu, --window-size=1920,1080], extensions: []}}]}][m
[[1;34mINFO[m] 
[[1;31mERROR[m] [1;31mTests run: 8, Failures: 3, Errors: 1, Skipped: 0[m
[[1;34mINFO[m] 
[[1;31mERROR[m] There are test failures.

Please refer to /lclhome/aadon004/automation/cucumber-linux-test/target/surefire-reports for the individual test results.
Please refer to dump files (if any exist) [date].dump, [date]-jvmRun[N].dump and [date].dumpstream.
[[1;34mINFO[m] 
[[1;34mINFO[m] [1m--- [0;32mmaven-jar-plugin:2.4:jar[m [1m(default-jar)[m @ [36mcucumber-linux-test[0;1m ---[m
[[1;34mINFO[m] Building jar: /lclhome/aadon004/automation/cucumber-linux-test/target/cucumber-linux-test-1.0-SNAPSHOT.jar
[[1;34mINFO[m] 
[[1;34mINFO[m] [1m--- [0;32mexec-maven-plugin:3.1.0:java[m [1m(send-report-email)[m @ [36mcucumber-linux-test[0;1m ---[m
âœ… Report emailed successfully!
[[1;34mINFO[m] [1m------------------------------------------------------------------------[m
[[1;34mINFO[m] [1;32mBUILD SUCCESS[m
[[1;34mINFO[m] [1m------------------------------------------------------------------------[m
[[1;34mINFO[m] Total time:  09:12 min
[[1;34mINFO[m] Finished at: 2025-04-10T02:14:18-04:00
[[1;34mINFO[m] [1m------------------------------------------------------------------------[m
[[1;34mINFO[m] Scanning for projects...
[[1;34mINFO[m] 
[[1;34mINFO[m] [1m------------------< [0;36morg.example:cucumber-linux-test[0;1m >-------------------[m
[[1;34mINFO[m] [1mBuilding cucumber-linux-test 1.0-SNAPSHOT[m
[[1;34mINFO[m] [1m--------------------------------[ jar ]---------------------------------[m
[[1;34mINFO[m] 
[[1;34mINFO[m] [1m--- [0;32mmaven-clean-plugin:2.5:clean[m [1m(default-clean)[m @ [36mcucumber-linux-test[0;1m ---[m
[[1;34mINFO[m] Deleting /lclhome/aadon004/automation/cucumber-linux-test/target
[[1;34mINFO[m] 
[[1;34mINFO[m] [1m--- [0;32mmaven-resources-plugin:2.6:resources[m [1m(default-resources)[m @ [36mcucumber-linux-test[0;1m ---[m
[[1;33mWARNING[m] Using platform encoding (UTF-8 actually) to copy filtered resources, i.e. build is platform dependent!
[[1;34mINFO[m] skip non existing resourceDirectory /lclhome/aadon004/automation/cucumber-linux-test/src/main/resources
[[1;34mINFO[m] 
[[1;34mINFO[m] [1m--- [0;32mmaven-compiler-plugin:3.1:compile[m [1m(default-compile)[m @ [36mcucumber-linux-test[0;1m ---[m
[[1;34mINFO[m] Changes detected - recompiling the module!
[[1;33mWARNING[m] File encoding has not been set, using platform encoding UTF-8, i.e. build is platform dependent!
[[1;34mINFO[m] Compiling 1 source file to /lclhome/aadon004/automation/cucumber-linux-test/target/classes
[[1;34mINFO[m] 
[[1;34mINFO[m] [1m--- [0;32mmaven-resources-plugin:2.6:testResources[m [1m(default-testResources)[m @ [36mcucumber-linux-test[0;1m ---[m
[[1;33mWARNING[m] Using platform encoding (UTF-8 actually) to copy filtered resources, i.e. build is platform dependent!
[[1;34mINFO[m] Copying 1 resource
[[1;34mINFO[m] 
[[1;34mINFO[m] [1m--- [0;32mmaven-compiler-plugin:3.1:testCompile[m [1m(default-testCompile)[m @ [36mcucumber-linux-test[0;1m ---[m
[[1;34mINFO[m] Changes detected - recompiling the module!
[[1;33mWARNING[m] File encoding has not been set, using platform encoding UTF-8, i.e. build is platform dependent!
[[1;34mINFO[m] Compiling 2 source files to /lclhome/aadon004/automation/cucumber-linux-test/target/test-classes
[[1;34mINFO[m] 
[[1;34mINFO[m] [1m--- [0;32mmaven-surefire-plugin:2.22.2:test[m [1m(default-test)[m @ [36mcucumber-linux-test[0;1m ---[m
[[1;34mINFO[m] 
[[1;34mINFO[m] -------------------------------------------------------
[[1;34mINFO[m]  T E S T S
[[1;34mINFO[m] -------------------------------------------------------
[[1;34mINFO[m] Running [1mRunCucumberTest[m

Scenario: Say Hello [90m# src/test/resources/features/test.feature:3[0m
SLF4J: No SLF4J providers were found.
SLF4J: Defaulting to no-operation (NOP) logger implementation
SLF4J: See https://www.slf4j.org/codes.html#noProviders for further details.
Apr 10, 2025 9:01:36 AM org.openqa.selenium.devtools.CdpVersionFinder findNearestMatch
WARNING: Unable to find CDP implementation matching 135
Apr 10, 2025 9:01:36 AM org.openqa.selenium.chromium.ChromiumDriver lambda$new$5
WARNING: Unable to find version of CDP to use for 135.0.7049.84. You may need to include a dependency on a specific version of the CDP using something similar to `org.seleniumhq.selenium:selenium-devtools-v86:4.13.0` where the version ("v86") matches the version of the chromium-based browser you're using and the version number of the artifact is the same as Selenium's.
Hello from Linux!
  [32mGiven [0m[32mI say hello[0m [90m# stepDefinitions.HelloSteps.i_say_hello()[0m

Scenario: Open my website and verify functionality                                       [90m# src/test/resources/features/test.feature:7[0m
      [31morg.openqa.selenium.SessionNotCreatedException: Could not start a new session. Response code 500. Message: session not created: DevToolsActivePort file doesn't exist 
Host info: host: 'aadon004', ip: '131.94.130.98'
Build info: version: '4.13.0', revision: 'ba948ece5b*'
System info: os.name: 'Linux', os.arch: 'amd64', os.version: '5.15.0-136-generic', java.version: '11.0.26'
Driver info: org.openqa.selenium.chrome.ChromeDriver
Command: [null, newSession {capabilities=[Capabilities {browserName: chrome, goog:chromeOptions: {args: [--remote-allow-origins=*, --headless, --no-sandbox, --disable-dev-shm-usage, --disable-gpu, --window-size=1920,1080], extensions: []}}]}]
	at org.openqa.selenium.remote.ProtocolHandshake.createSession(ProtocolHandshake.java:140)
	at org.openqa.selenium.remote.ProtocolHandshake.createSession(ProtocolHandshake.java:96)
	at org.openqa.selenium.remote.ProtocolHandshake.createSession(ProtocolHandshake.java:68)
	at org.openqa.selenium.remote.HttpCommandExecutor.execute(HttpCommandExecutor.java:163)
	at org.openqa.selenium.remote.service.DriverCommandExecutor.invokeExecute(DriverCommandExecutor.java:196)
	at org.openqa.selenium.remote.service.DriverCommandExecutor.execute(DriverCommandExecutor.java:171)
	at org.openqa.selenium.remote.RemoteWebDriver.execute(RemoteWebDriver.java:602)
	at org.openqa.selenium.remote.RemoteWebDriver.startSession(RemoteWebDriver.java:236)
	at org.openqa.selenium.remote.RemoteWebDriver.<init>(RemoteWebDriver.java:163)
	at org.openqa.selenium.chromium.ChromiumDriver.<init>(ChromiumDriver.java:108)
	at org.openqa.selenium.chrome.ChromeDriver.<init>(ChromeDriver.java:88)
	at org.openqa.selenium.chrome.ChromeDriver.<init>(ChromeDriver.java:83)
	at org.openqa.selenium.chrome.ChromeDriver.<init>(ChromeDriver.java:72)
	at stepDefinitions.HelloSteps.setUp(HelloSteps.java:34)
[0m
  [36mGiven [0m[36mI open the browser and navigate to [0m[36m[1m"https://eicdev.fiu.edu/utcdbresearch/search"[0m [90m# stepDefinitions.HelloSteps.i_open_the_browser_and_navigate_to(java.lang.String)[0m
  [36mThen [0m[36mI search for [0m[36m[1m"Design-Bid-Build,Precast Approach Slab"[0m                             [90m# stepDefinitions.HelloSteps.SearchForKeyWord(java.lang.String)[0m
  [36mAnd [0m[36mI click the Search button[0m                                                          [90m# stepDefinitions.HelloSteps.iClickSearchButton()[0m
  [36mThen [0m[36mI verify [0m[36m[1m"15"[0m[36m results[0m                                                             [90m# stepDefinitions.HelloSteps.i_verify_the_site_functions_as_expected(java.lang.String)[0m

Scenario: Open my website and verify functionality                                       [90m# src/test/resources/features/test.feature:13[0m
Apr 10, 2025 9:04:34 AM org.openqa.selenium.devtools.CdpVersionFinder findNearestMatch
WARNING: Unable to find CDP implementation matching 135
Apr 10, 2025 9:04:34 AM org.openqa.selenium.chromium.ChromiumDriver lambda$new$5
WARNING: Unable to find version of CDP to use for 135.0.7049.84. You may need to include a dependency on a specific version of the CDP using something similar to `org.seleniumhq.selenium:selenium-devtools-v86:4.13.0` where the version ("v86") matches the version of the chromium-based browser you're using and the version number of the artifact is the same as Selenium's.
  [32mGiven [0m[32mI open the browser and navigate to [0m[32m[1m"https://eicdev.fiu.edu/utcdbresearch/search"[0m [90m# stepDefinitions.HelloSteps.i_open_the_browser_and_navigate_to(java.lang.String)[0m
  [32mThen [0m[32mI select Beam Material [0m[32m[1m"Steel"[0m                                                    [90m# stepDefinitions.HelloSteps.selectBeamMaterial(java.lang.String)[0m
  [32mThen [0m[32mI select Spans [0m[32m[1m"> Three-span"[0m                                                     [90m# stepDefinitions.HelloSteps.selectSpans(java.lang.String)[0m
  [32mThen [0m[32mI search for [0m[32m[1m"Full-Depth Precast Deck Panel w/o PT"[0m                               [90m# stepDefinitions.HelloSteps.SearchForKeyWord(java.lang.String)[0m
  [32mAnd [0m[32mI click the Search button[0m                                                          [90m# stepDefinitions.HelloSteps.iClickSearchButton()[0m
Found 15 Results
  [31mThen [0m[31mI verify [0m[31m[1m"15"[0m[31m results[0m                                                             [90m# stepDefinitions.HelloSteps.i_verify_the_site_functions_as_expected(java.lang.String)[0m
      [31mjava.lang.AssertionError
	at org.junit.Assert.fail(Assert.java:87)
	at org.junit.Assert.assertTrue(Assert.java:42)
	at org.junit.Assert.assertTrue(Assert.java:53)
	at stepDefinitions.HelloSteps.i_verify_the_site_functions_as_expected(HelloSteps.java:83)
	at âœ½.I verify "15" results(file:///lclhome/aadon004/automation/cucumber-linux-test/src/test/resources/features/test.feature:19)
[0m

Scenario: Open my website and verify functionality                                       [90m# src/test/resources/features/test.feature:21[0m
Apr 10, 2025 9:05:52 AM org.openqa.selenium.devtools.CdpVersionFinder findNearestMatch
WARNING: Unable to find CDP implementation matching 135
Apr 10, 2025 9:05:52 AM org.openqa.selenium.chromium.ChromiumDriver lambda$new$5
WARNING: Unable to find version of CDP to use for 135.0.7049.84. You may need to include a dependency on a specific version of the CDP using something similar to `org.seleniumhq.selenium:selenium-devtools-v86:4.13.0` where the version ("v86") matches the version of the chromium-based browser you're using and the version number of the artifact is the same as Selenium's.
  [32mGiven [0m[32mI open the browser and navigate to [0m[32m[1m"https://eicdev.fiu.edu/utcdbresearch/search"[0m [90m# stepDefinitions.HelloSteps.i_open_the_browser_and_navigate_to(java.lang.String)[0m
  [32mThen [0m[32mI select the Construction Equipment Category [0m[32m[1m"Lateral Slide"[0m                      [90m# stepDefinitions.HelloSteps.selectConstructionEquipement(java.lang.String)[0m
  [32mThen [0m[32mI select the Construction Equipment Category [0m[32m[1m"Longitudinal Launch"[0m                [90m# stepDefinitions.HelloSteps.selectConstructionEquipement(java.lang.String)[0m
  [32mThen [0m[32mI select the location [0m[32m[1m"Urban"[0m                                                     [90m# stepDefinitions.HelloSteps.selectLocation(java.lang.String)[0m
  [32mThen [0m[32mI select the Traffic Impact Category [0m[32m[1m"Tier 1 (within 1 day)"[0m                      [90m# stepDefinitions.HelloSteps.selectTrafficImpactCategory(java.lang.String)[0m
  [32mThen [0m[32mI select the Traffic Impact Category [0m[32m[1m"Tier 2 (within 3 days)"[0m                     [90m# stepDefinitions.HelloSteps.selectTrafficImpactCategory(java.lang.String)[0m
  [32mThen [0m[32mI search for [0m[32m[1m" incentive / disincentive clause"[0m                                   [90m# stepDefinitions.HelloSteps.SearchForKeyWord(java.lang.String)[0m
  [32mAnd [0m[32mI click the Search button[0m                                                          [90m# stepDefinitions.HelloSteps.iClickSearchButton()[0m
Found 13 Results
  [31mThen [0m[31mI verify [0m[31m[1m"13"[0m[31m results[0m                                                             [90m# stepDefinitions.HelloSteps.i_verify_the_site_functions_as_expected(java.lang.String)[0m
      [31mjava.lang.AssertionError
	at org.junit.Assert.fail(Assert.java:87)
	at org.junit.Assert.assertTrue(Assert.java:42)
	at org.junit.Assert.assertTrue(Assert.java:53)
	at stepDefinitions.HelloSteps.i_verify_the_site_functions_as_expected(HelloSteps.java:83)
	at âœ½.I verify "13" results(file:///lclhome/aadon004/automation/cucumber-linux-test/src/test/resources/features/test.feature:30)
[0m

Scenario: Open my website and verify functionality                                       [90m# src/test/resources/features/test.feature:32[0m
Apr 10, 2025 9:07:11 AM org.openqa.selenium.devtools.CdpVersionFinder findNearestMatch
WARNING: Unable to find CDP implementation matching 135
Apr 10, 2025 9:07:11 AM org.openqa.selenium.chromium.ChromiumDriver lambda$new$5
WARNING: Unable to find version of CDP to use for 135.0.7049.84. You may need to include a dependency on a specific version of the CDP using something similar to `org.seleniumhq.selenium:selenium-devtools-v86:4.13.0` where the version ("v86") matches the version of the chromium-based browser you're using and the version number of the artifact is the same as Selenium's.
  [32mGiven [0m[32mI open the browser and navigate to [0m[32m[1m"https://eicdev.fiu.edu/utcdbresearch/search"[0m [90m# stepDefinitions.HelloSteps.i_open_the_browser_and_navigate_to(java.lang.String)[0m
  [32mThen [0m[32mI select the location [0m[32m[1m"Urban"[0m                                                     [90m# stepDefinitions.HelloSteps.selectLocation(java.lang.String)[0m
  [32mThen [0m[32mI select the state [0m[32m[1m"Utah"[0m                                                         [90m# stepDefinitions.HelloSteps.i_perform_actions_on_the_site(java.lang.String)[0m
  [32mThen [0m[32mI select the state [0m[32m[1m"Massachusetts"[0m                                                [90m# stepDefinitions.HelloSteps.i_perform_actions_on_the_site(java.lang.String)[0m
  [32mThen [0m[32mI select the Construction Equipment Category [0m[32m[1m"SPMTs"[0m                              [90m# stepDefinitions.HelloSteps.selectConstructionEquipement(java.lang.String)[0m
  [32mThen [0m[32mI select the total bridge length range [0m[32m[1m"150"[0m[32m to [0m[32m[1m"500"[0m                             [90m# stepDefinitions.HelloSteps.selectBridgeLengthRange(java.lang.String,java.lang.String)[0m
  [32mThen [0m[32mI search for [0m[32m[1m"Improved work-zone safety, CIP substructure under traffic , FDcBs"[0m  [90m# stepDefinitions.HelloSteps.SearchForKeyWord(java.lang.String)[0m
  [32mThen [0m[32mI select the max span length range [0m[32m[1m"100"[0m[32m to [0m[32m[1m"200"[0m                                 [90m# stepDefinitions.HelloSteps.selectMaxSpanLength(java.lang.String,java.lang.String)[0m
  [32mAnd [0m[32mI click the Search button[0m                                                          [90m# stepDefinitions.HelloSteps.iClickSearchButton()[0m
Found 1 Results
  [32mThen [0m[32mI verify [0m[32m[1m"1"[0m[32m results[0m                                                              [90m# stepDefinitions.HelloSteps.i_verify_the_site_functions_as_expected(java.lang.String)[0m

Scenario: Open my website and verify functionality                                       [90m# src/test/resources/features/test.feature:44[0m
Apr 10, 2025 9:08:33 AM org.openqa.selenium.devtools.CdpVersionFinder findNearestMatch
WARNING: Unable to find CDP implementation matching 135
Apr 10, 2025 9:08:33 AM org.openqa.selenium.chromium.ChromiumDriver lambda$new$5
WARNING: Unable to find version of CDP to use for 135.0.7049.84. You may need to include a dependency on a specific version of the CDP using something similar to `org.seleniumhq.selenium:selenium-devtools-v86:4.13.0` where the version ("v86") matches the version of the chromium-based browser you're using and the version number of the artifact is the same as Selenium's.
  [32mGiven [0m[32mI open the browser and navigate to [0m[32m[1m"https://eicdev.fiu.edu/utcdbresearch/search"[0m [90m# stepDefinitions.HelloSteps.i_open_the_browser_and_navigate_to(java.lang.String)[0m
  [32mThen [0m[32mI select Funding Source [0m[32m[1m"Federal Only"[0m                                            [90m# stepDefinitions.HelloSteps.SelectFundingSource(java.lang.String)[0m
  [32mThen [0m[32mI select Funding Source [0m[32m[1m"Local"[0m                                                   [90m# stepDefinitions.HelloSteps.SelectFundingSource(java.lang.String)[0m
  [32mThen [0m[32mI select the Average Daily Traffic Range [0m[32m[1m"500"[0m[32m to [0m[32m[1m"2000"[0m                          [90m# stepDefinitions.HelloSteps.selectaverageDailyTraffic(java.lang.String,java.lang.String)[0m
  [32mThen [0m[32mI select the Year built range [0m[32m[1m"2015"[0m[32m to [0m[32m[1m"2024"[0m                                    [90m# stepDefinitions.HelloSteps.selectYearBuilt(java.lang.String,java.lang.String)[0m
  [32mThen [0m[32mI search for [0m[32m[1m"AID Demo"[0m                                                           [90m# stepDefinitions.HelloSteps.SearchForKeyWord(java.lang.String)[0m
  [32mAnd [0m[32mI click the Search button[0m                                                          [90m# stepDefinitions.HelloSteps.iClickSearchButton()[0m
Found 1 Results
  [32mThen [0m[32mI verify [0m[32m[1m"1"[0m[32m results[0m                                                              [90m# stepDefinitions.HelloSteps.i_verify_the_site_functions_as_expected(java.lang.String)[0m

Scenario: Open my website and verify functionality                                       [90m# src/test/resources/features/test.feature:54[0m
Apr 10, 2025 9:09:58 AM org.openqa.selenium.devtools.CdpVersionFinder findNearestMatch
WARNING: Unable to find CDP implementation matching 135
Apr 10, 2025 9:09:58 AM org.openqa.selenium.chromium.ChromiumDriver lambda$new$5
WARNING: Unable to find version of CDP to use for 135.0.7049.84. You may need to include a dependency on a specific version of the CDP using something similar to `org.seleniumhq.selenium:selenium-devtools-v86:4.13.0` where the version ("v86") matches the version of the chromium-based browser you're using and the version number of the artifact is the same as Selenium's.
  [31mGiven [0m[31mI open the browser and navigate to [0m[31m[1m"https://eicdev.fiu.edu/utcdbresearch/search"[0m [90m# stepDefinitions.HelloSteps.i_open_the_browser_and_navigate_to(java.lang.String)[0m
      [31morg.openqa.selenium.TimeoutException: java.util.concurrent.TimeoutException
Build info: version: '4.13.0', revision: 'ba948ece5b*'
System info: os.name: 'Linux', os.arch: 'amd64', os.version: '5.15.0-136-generic', java.version: '11.0.26'
Driver info: org.openqa.selenium.chrome.ChromeDriver
Command: [92b68d705bf0eb607e5aaf234b61b16b, get {url=https://eicdev.fiu.edu/utcdbresearch/search}]
Capabilities {acceptInsecureCerts: false, browserName: chrome, browserVersion: 135.0.7049.84, chrome: {chromedriverVersion: 135.0.7049.84 (6c019e560019..., userDataDir: /tmp/.org.chromium.Chromium...}, fedcm:accounts: true, goog:chromeOptions: {debuggerAddress: localhost:33923}, networkConnectionEnabled: false, pageLoadStrategy: normal, platformName: linux, proxy: Proxy(), se:cdp: ws://localhost:33923/devtoo..., se:cdpVersion: 135.0.7049.84, setWindowRect: true, strictFileInteractability: false, timeouts: {implicit: 0, pageLoad: 300000, script: 30000}, unhandledPromptBehavior: dismiss and notify, webauthn:extension:credBlob: true, webauthn:extension:largeBlob: true, webauthn:extension:minPinLength: true, webauthn:extension:prf: true, webauthn:virtualAuthenticators: true}
Session ID: 92b68d705bf0eb607e5aaf234b61b16b
	at org.openqa.selenium.remote.http.netty.NettyHttpHandler.makeCall(NettyHttpHandler.java:65)
	at org.openqa.selenium.remote.http.AddSeleniumUserAgent.lambda$apply$0(AddSeleniumUserAgent.java:42)
	at org.openqa.selenium.remote.http.Filter.lambda$andFinally$1(Filter.java:55)
	at org.openqa.selenium.remote.http.netty.NettyHttpHandler.execute(NettyHttpHandler.java:48)
	at org.openqa.selenium.remote.http.netty.NettyClient.execute(NettyClient.java:96)
	at org.openqa.selenium.remote.HttpCommandExecutor.execute(HttpCommandExecutor.java:188)
	at org.openqa.selenium.remote.service.DriverCommandExecutor.invokeExecute(DriverCommandExecutor.java:196)
	at org.openqa.selenium.remote.service.DriverCommandExecutor.execute(DriverCommandExecutor.java:171)
	at org.openqa.selenium.remote.RemoteWebDriver.execute(RemoteWebDriver.java:602)
	at org.openqa.selenium.remote.RemoteWebDriver.get(RemoteWebDriver.java:304)
	at stepDefinitions.HelloSteps.i_open_the_browser_and_navigate_to(HelloSteps.java:46)
	at âœ½.I open the browser and navigate to "https://eicdev.fiu.edu/utcdbresearch/search"(file:///lclhome/aadon004/automation/cucumber-linux-test/src/test/resources/features/test.feature:55)
Caused by: java.util.concurrent.TimeoutException
	at java.base/java.util.concurrent.CompletableFuture.timedGet(CompletableFuture.java:1892)
	at java.base/java.util.concurrent.CompletableFuture.get(CompletableFuture.java:2027)
	at org.asynchttpclient.netty.NettyResponseFuture.get(NettyResponseFuture.java:206)
	at org.openqa.selenium.remote.http.netty.NettyHttpHandler.makeCall(NettyHttpHandler.java:59)
	at org.openqa.selenium.remote.http.AddSeleniumUserAgent.lambda$apply$0(AddSeleniumUserAgent.java:42)
	at org.openqa.selenium.remote.http.Filter.lambda$andFinally$1(Filter.java:55)
	at org.openqa.selenium.remote.http.netty.NettyHttpHandler.execute(NettyHttpHandler.java:48)
	at org.openqa.selenium.remote.http.netty.NettyClient.execute(NettyClient.java:96)
	at org.openqa.selenium.remote.HttpCommandExecutor.execute(HttpCommandExecutor.java:188)
	at org.openqa.selenium.remote.service.DriverCommandExecutor.invokeExecute(DriverCommandExecutor.java:196)
	at org.openqa.selenium.remote.service.DriverCommandExecutor.execute(DriverCommandExecutor.java:171)
	at org.openqa.selenium.remote.RemoteWebDriver.execute(RemoteWebDriver.java:602)
	at org.openqa.selenium.remote.RemoteWebDriver.get(RemoteWebDriver.java:304)
	at stepDefinitions.HelloSteps.i_open_the_browser_and_navigate_to(HelloSteps.java:46)
	at java.base/jdk.internal.reflect.NativeMethodAccessorImpl.invoke0(Native Method)
	at java.base/jdk.internal.reflect.NativeMethodAccessorImpl.invoke(NativeMethodAccessorImpl.java:62)
	at java.base/jdk.internal.reflect.DelegatingMethodAccessorImpl.invoke(DelegatingMethodAccessorImpl.java:43)
	at java.base/java.lang.reflect.Method.invoke(Method.java:566)
	at io.cucumber.java.Invoker.doInvoke(Invoker.java:66)
	at io.cucumber.java.Invoker.invoke(Invoker.java:24)
	at io.cucumber.java.AbstractGlueDefinition.invokeMethod(AbstractGlueDefinition.java:47)
	at io.cucumber.java.JavaStepDefinition.execute(JavaStepDefinition.java:29)
	at io.cucumber.core.runner.CoreStepDefinition.execute(CoreStepDefinition.java:66)
	at io.cucumber.core.runner.PickleStepDefinitionMatch.runStep(PickleStepDefinitionMatch.java:63)
	at io.cucumber.core.runner.ExecutionMode$1.execute(ExecutionMode.java:10)
	at io.cucumber.core.runner.TestStep.executeStep(TestStep.java:84)
	at io.cucumber.core.runner.TestStep.run(TestStep.java:56)
	at io.cucumber.core.runner.PickleStepTestStep.run(PickleStepTestStep.java:51)
	at io.cucumber.core.runner.TestCase.run(TestCase.java:84)
	at io.cucumber.core.runner.Runner.runPickle(Runner.java:75)
	at io.cucumber.junit.PickleRunners$NoStepDescriptions.lambda$run$0(PickleRunners.java:151)
	at io.cucumber.core.runtime.CucumberExecutionContext.lambda$runTestCase$5(CucumberExecutionContext.java:137)
	at io.cucumber.core.runtime.RethrowingThrowableCollector.executeAndThrow(RethrowingThrowableCollector.java:23)
	at io.cucumber.core.runtime.CucumberExecutionContext.runTestCase(CucumberExecutionContext.java:137)
	at io.cucumber.junit.PickleRunners$NoStepDescriptions.run(PickleRunners.java:148)
	at io.cucumber.junit.FeatureRunner.runChild(FeatureRunner.java:144)
	at io.cucumber.junit.FeatureRunner.runChild(FeatureRunner.java:28)
	at org.junit.runners.ParentRunner$4.run(ParentRunner.java:331)
	at org.junit.runners.ParentRunner$1.schedule(ParentRunner.java:79)
	at org.junit.runners.ParentRunner.runChildren(ParentRunner.java:329)
	at org.junit.runners.ParentRunner.access$100(ParentRunner.java:66)
	at org.junit.runners.ParentRunner$2.evaluate(ParentRunner.java:293)
	at org.junit.runners.ParentRunner$3.evaluate(ParentRunner.java:306)
	at org.junit.runners.ParentRunner.run(ParentRunner.java:413)
	at io.cucumber.junit.FeatureRunner.run(FeatureRunner.java:137)
	at io.cucumber.junit.Cucumber.runChild(Cucumber.java:196)
	at io.cucumber.junit.Cucumber.runChild(Cucumber.java:89)
	at org.junit.runners.ParentRunner$4.run(ParentRunner.java:331)
	at org.junit.runners.ParentRunner$1.schedule(ParentRunner.java:79)
	at org.junit.runners.ParentRunner.runChildren(ParentRunner.java:329)
	at org.junit.runners.ParentRunner.access$100(ParentRunner.java:66)
	at org.junit.runners.ParentRunner$2.evaluate(ParentRunner.java:293)
	at io.cucumber.core.runtime.CucumberExecutionContext.lambda$runFeatures$6(CucumberExecutionContext.java:148)
	at io.cucumber.core.runtime.CucumberExecutionContext.execute(CucumberExecutionContext.java:163)
	at io.cucumber.core.runtime.CucumberExecutionContext.runFeatures(CucumberExecutionContext.java:146)
	at io.cucumber.junit.Cucumber$StartAndFinishTestRun.evaluate(Cucumber.java:226)
	at org.junit.runners.ParentRunner$3.evaluate(ParentRunner.java:306)
	at org.junit.runners.ParentRunner.run(ParentRunner.java:413)
	at org.apache.maven.surefire.junit4.JUnit4Provider.execute(JUnit4Provider.java:365)
	at org.apache.maven.surefire.junit4.JUnit4Provider.executeWithRerun(JUnit4Provider.java:273)
	at org.apache.maven.surefire.junit4.JUnit4Provider.executeTestSet(JUnit4Provider.java:238)
	at org.apache.maven.surefire.junit4.JUnit4Provider.invoke(JUnit4Provider.java:159)
	at org.apache.maven.surefire.booter.ForkedBooter.invokeProviderInSameClassLoader(ForkedBooter.java:384)
	at org.apache.maven.surefire.booter.ForkedBooter.runSuitesInProcess(ForkedBooter.java:345)
	at org.apache.maven.surefire.booter.ForkedBooter.execute(ForkedBooter.java:126)
	at org.apache.maven.surefire.booter.ForkedBooter.main(ForkedBooter.java:418)
[0m
  [36mThen [0m[36mI search for [0m[36m[1m"Longitudinal Launch"[0m                                                [90m# stepDefinitions.HelloSteps.SearchForKeyWord(java.lang.String)[0m
  [36mAnd [0m[36mI click the Search button[0m                                                          [90m# stepDefinitions.HelloSteps.iClickSearchButton()[0m
  [36mThen [0m[36mI verify [0m[36m[1m"1"[0m[36m results[0m                                                              [90m# stepDefinitions.HelloSteps.i_verify_the_site_functions_as_expected(java.lang.String)[0m

Scenario: Open my website and verify functionality                                       [90m# src/test/resources/features/test.feature:60[0m
Apr 10, 2025 9:13:39 AM org.openqa.selenium.devtools.CdpVersionFinder findNearestMatch
WARNING: Unable to find CDP implementation matching 135
Apr 10, 2025 9:13:39 AM org.openqa.selenium.chromium.ChromiumDriver lambda$new$5
WARNING: Unable to find version of CDP to use for 135.0.7049.84. You may need to include a dependency on a specific version of the CDP using something similar to `org.seleniumhq.selenium:selenium-devtools-v86:4.13.0` where the version ("v86") matches the version of the chromium-based browser you're using and the version number of the artifact is the same as Selenium's.
  [31mGiven [0m[31mI open the browser and navigate to [0m[31m[1m"https://eicdev.fiu.edu/utcdbresearch/search"[0m [90m# stepDefinitions.HelloSteps.i_open_the_browser_and_navigate_to(java.lang.String)[0m
      [31morg.openqa.selenium.TimeoutException: java.util.concurrent.TimeoutException
Build info: version: '4.13.0', revision: 'ba948ece5b*'
System info: os.name: 'Linux', os.arch: 'amd64', os.version: '5.15.0-136-generic', java.version: '11.0.26'
Driver info: org.openqa.selenium.chrome.ChromeDriver
Command: [77ac1ab1101a5ae31b959243f23b2116, get {url=https://eicdev.fiu.edu/utcdbresearch/search}]
Capabilities {acceptInsecureCerts: false, browserName: chrome, browserVersion: 135.0.7049.84, chrome: {chromedriverVersion: 135.0.7049.84 (6c019e560019..., userDataDir: /tmp/.org.chromium.Chromium...}, fedcm:accounts: true, goog:chromeOptions: {debuggerAddress: localhost:34035}, networkConnectionEnabled: false, pageLoadStrategy: normal, platformName: linux, proxy: Proxy(), se:cdp: ws://localhost:34035/devtoo..., se:cdpVersion: 135.0.7049.84, setWindowRect: true, strictFileInteractability: false, timeouts: {implicit: 0, pageLoad: 300000, script: 30000}, unhandledPromptBehavior: dismiss and notify, webauthn:extension:credBlob: true, webauthn:extension:largeBlob: true, webauthn:extension:minPinLength: true, webauthn:extension:prf: true, webauthn:virtualAuthenticators: true}
Session ID: 77ac1ab1101a5ae31b959243f23b2116
	at org.openqa.selenium.remote.http.netty.NettyHttpHandler.makeCall(NettyHttpHandler.java:65)
	at org.openqa.selenium.remote.http.AddSeleniumUserAgent.lambda$apply$0(AddSeleniumUserAgent.java:42)
	at org.openqa.selenium.remote.http.Filter.lambda$andFinally$1(Filter.java:55)
	at org.openqa.selenium.remote.http.netty.NettyHttpHandler.execute(NettyHttpHandler.java:48)
	at org.openqa.selenium.remote.http.netty.NettyClient.execute(NettyClient.java:96)
	at org.openqa.selenium.remote.HttpCommandExecutor.execute(HttpCommandExecutor.java:188)
	at org.openqa.selenium.remote.service.DriverCommandExecutor.invokeExecute(DriverCommandExecutor.java:196)
	at org.openqa.selenium.remote.service.DriverCommandExecutor.execute(DriverCommandExecutor.java:171)
	at org.openqa.selenium.remote.RemoteWebDriver.execute(RemoteWebDriver.java:602)
	at org.openqa.selenium.remote.RemoteWebDriver.get(RemoteWebDriver.java:304)
	at stepDefinitions.HelloSteps.i_open_the_browser_and_navigate_to(HelloSteps.java:46)
	at âœ½.I open the browser and navigate to "https://eicdev.fiu.edu/utcdbresearch/search"(file:///lclhome/aadon004/automation/cucumber-linux-test/src/test/resources/features/test.feature:61)
Caused by: java.util.concurrent.TimeoutException
	at java.base/java.util.concurrent.CompletableFuture.timedGet(CompletableFuture.java:1892)
	at java.base/java.util.concurrent.CompletableFuture.get(CompletableFuture.java:2027)
	at org.asynchttpclient.netty.NettyResponseFuture.get(NettyResponseFuture.java:206)
	at org.openqa.selenium.remote.http.netty.NettyHttpHandler.makeCall(NettyHttpHandler.java:59)
	at org.openqa.selenium.remote.http.AddSeleniumUserAgent.lambda$apply$0(AddSeleniumUserAgent.java:42)
	at org.openqa.selenium.remote.http.Filter.lambda$andFinally$1(Filter.java:55)
	at org.openqa.selenium.remote.http.netty.NettyHttpHandler.execute(NettyHttpHandler.java:48)
	at org.openqa.selenium.remote.http.netty.NettyClient.execute(NettyClient.java:96)
	at org.openqa.selenium.remote.HttpCommandExecutor.execute(HttpCommandExecutor.java:188)
	at org.openqa.selenium.remote.service.DriverCommandExecutor.invokeExecute(DriverCommandExecutor.java:196)
	at org.openqa.selenium.remote.service.DriverCommandExecutor.execute(DriverCommandExecutor.java:171)
	at org.openqa.selenium.remote.RemoteWebDriver.execute(RemoteWebDriver.java:602)
	at org.openqa.selenium.remote.RemoteWebDriver.get(RemoteWebDriver.java:304)
	at stepDefinitions.HelloSteps.i_open_the_browser_and_navigate_to(HelloSteps.java:46)
	at java.base/jdk.internal.reflect.NativeMethodAccessorImpl.invoke0(Native Method)
	at java.base/jdk.internal.reflect.NativeMethodAccessorImpl.invoke(NativeMethodAccessorImpl.java:62)
	at java.base/jdk.internal.reflect.DelegatingMethodAccessorImpl.invoke(DelegatingMethodAccessorImpl.java:43)
	at java.base/java.lang.reflect.Method.invoke(Method.java:566)
	at io.cucumber.java.Invoker.doInvoke(Invoker.java:66)
	at io.cucumber.java.Invoker.invoke(Invoker.java:24)
	at io.cucumber.java.AbstractGlueDefinition.invokeMethod(AbstractGlueDefinition.java:47)
	at io.cucumber.java.JavaStepDefinition.execute(JavaStepDefinition.java:29)
	at io.cucumber.core.runner.CoreStepDefinition.execute(CoreStepDefinition.java:66)
	at io.cucumber.core.runner.PickleStepDefinitionMatch.runStep(PickleStepDefinitionMatch.java:63)
	at io.cucumber.core.runner.ExecutionMode$1.execute(ExecutionMode.java:10)
	at io.cucumber.core.runner.TestStep.executeStep(TestStep.java:84)
	at io.cucumber.core.runner.TestStep.run(TestStep.java:56)
	at io.cucumber.core.runner.PickleStepTestStep.run(PickleStepTestStep.java:51)
	at io.cucumber.core.runner.TestCase.run(TestCase.java:84)
	at io.cucumber.core.runner.Runner.runPickle(Runner.java:75)
	at io.cucumber.junit.PickleRunners$NoStepDescriptions.lambda$run$0(PickleRunners.java:151)
	at io.cucumber.core.runtime.CucumberExecutionContext.lambda$runTestCase$5(CucumberExecutionContext.java:137)
	at io.cucumber.core.runtime.RethrowingThrowableCollector.executeAndThrow(RethrowingThrowableCollector.java:23)
	at io.cucumber.core.runtime.CucumberExecutionContext.runTestCase(CucumberExecutionContext.java:137)
	at io.cucumber.junit.PickleRunners$NoStepDescriptions.run(PickleRunners.java:148)
	at io.cucumber.junit.FeatureRunner.runChild(FeatureRunner.java:144)
	at io.cucumber.junit.FeatureRunner.runChild(FeatureRunner.java:28)
	at org.junit.runners.ParentRunner$4.run(ParentRunner.java:331)
	at org.junit.runners.ParentRunner$1.schedule(ParentRunner.java:79)
	at org.junit.runners.ParentRunner.runChildren(ParentRunner.java:329)
	at org.junit.runners.ParentRunner.access$100(ParentRunner.java:66)
	at org.junit.runners.ParentRunner$2.evaluate(ParentRunner.java:293)
	at org.junit.runners.ParentRunner$3.evaluate(ParentRunner.java:306)
	at org.junit.runners.ParentRunner.run(ParentRunner.java:413)
	at io.cucumber.junit.FeatureRunner.run(FeatureRunner.java:137)
	at io.cucumber.junit.Cucumber.runChild(Cucumber.java:196)
	at io.cucumber.junit.Cucumber.runChild(Cucumber.java:89)
	at org.junit.runners.ParentRunner$4.run(ParentRunner.java:331)
	at org.junit.runners.ParentRunner$1.schedule(ParentRunner.java:79)
	at org.junit.runners.ParentRunner.runChildren(ParentRunner.java:329)
	at org.junit.runners.ParentRunner.access$100(ParentRunner.java:66)
	at org.junit.runners.ParentRunner$2.evaluate(ParentRunner.java:293)
	at io.cucumber.core.runtime.CucumberExecutionContext.lambda$runFeatures$6(CucumberExecutionContext.java:148)
	at io.cucumber.core.runtime.CucumberExecutionContext.execute(CucumberExecutionContext.java:163)
	at io.cucumber.core.runtime.CucumberExecutionContext.runFeatures(CucumberExecutionContext.java:146)
	at io.cucumber.junit.Cucumber$StartAndFinishTestRun.evaluate(Cucumber.java:226)
	at org.junit.runners.ParentRunner$3.evaluate(ParentRunner.java:306)
	at org.junit.runners.ParentRunner.run(ParentRunner.java:413)
	at org.apache.maven.surefire.junit4.JUnit4Provider.execute(JUnit4Provider.java:365)
	at org.apache.maven.surefire.junit4.JUnit4Provider.executeWithRerun(JUnit4Provider.java:273)
	at org.apache.maven.surefire.junit4.JUnit4Provider.executeTestSet(JUnit4Provider.java:238)
	at org.apache.maven.surefire.junit4.JUnit4Provider.invoke(JUnit4Provider.java:159)
	at org.apache.maven.surefire.booter.ForkedBooter.invokeProviderInSameClassLoader(ForkedBooter.java:384)
	at org.apache.maven.surefire.booter.ForkedBooter.runSuitesInProcess(ForkedBooter.java:345)
	at org.apache.maven.surefire.booter.ForkedBooter.execute(ForkedBooter.java:126)
	at org.apache.maven.surefire.booter.ForkedBooter.main(ForkedBooter.java:418)
[0m
  [36mThen [0m[36mI search for [0m[36m[1m"CIP substructure under traffic"[0m                                     [90m# stepDefinitions.HelloSteps.SearchForKeyWord(java.lang.String)[0m
  [36mAnd [0m[36mI click the Search button[0m                                                          [90m# stepDefinitions.HelloSteps.iClickSearchButton()[0m
  [36mThen [0m[36mI verify [0m[36m[1m"18"[0m[36m results[0m                                                             [90m# stepDefinitions.HelloSteps.i_verify_the_site_functions_as_expected(java.lang.String)[0m
[[1;31mERROR[m] [1;31mTests [0;1mrun: [0;1m8[m, [1;31mFailures: [0;1;31m2[m, [1;31mErrors: [0;1;31m3[m, Skipped: 0, Time elapsed: 983.486 s[1;31m <<< FAILURE![m - in [1mRunCucumberTest[m
[[1;31mERROR[m] Open my website and verify functionality #1(Hello)  Time elapsed: 110.156 s  <<< ERROR!
org.openqa.selenium.SessionNotCreatedException: 
Could not start a new session. Response code 500. Message: session not created: DevToolsActivePort file doesn't exist 
Host info: host: 'aadon004', ip: '131.94.130.98'
Build info: version: '4.13.0', revision: 'ba948ece5b*'
System info: os.name: 'Linux', os.arch: 'amd64', os.version: '5.15.0-136-generic', java.version: '11.0.26'
Driver info: org.openqa.selenium.chrome.ChromeDriver
Command: [null, newSession {capabilities=[Capabilities {browserName: chrome, goog:chromeOptions: {args: [--remote-allow-origins=*, --headless, --no-sandbox, --disable-dev-shm-usage, --disable-gpu, --window-size=1920,1080], extensions: []}}]}]

[[1;31mERROR[m] Open my website and verify functionality #2(Hello)  Time elapsed: 75.541 s  <<< FAILURE!
java.lang.AssertionError

[[1;31mERROR[m] Open my website and verify functionality #3(Hello)  Time elapsed: 80.911 s  <<< FAILURE!
java.lang.AssertionError

[[1;31mERROR[m] Open my website and verify functionality #6(Hello)  Time elapsed: 245.567 s  <<< ERROR!
org.openqa.selenium.TimeoutException: 
java.util.concurrent.TimeoutException
Build info: version: '4.13.0', revision: 'ba948ece5b*'
System info: os.name: 'Linux', os.arch: 'amd64', os.version: '5.15.0-136-generic', java.version: '11.0.26'
Driver info: org.openqa.selenium.chrome.ChromeDriver
Command: [92b68d705bf0eb607e5aaf234b61b16b, get {url=https://eicdev.fiu.edu/utcdbresearch/search}]
Capabilities {acceptInsecureCerts: false, browserName: chrome, browserVersion: 135.0.7049.84, chrome: {chromedriverVersion: 135.0.7049.84 (6c019e560019..., userDataDir: /tmp/.org.chromium.Chromium...}, fedcm:accounts: true, goog:chromeOptions: {debuggerAddress: localhost:33923}, networkConnectionEnabled: false, pageLoadStrategy: normal, platformName: linux, proxy: Proxy(), se:cdp: ws://localhost:33923/devtoo..., se:cdpVersion: 135.0.7049.84, setWindowRect: true, strictFileInteractability: false, timeouts: {implicit: 0, pageLoad: 300000, script: 30000}, unhandledPromptBehavior: dismiss and notify, webauthn:extension:credBlob: true, webauthn:extension:largeBlob: true, webauthn:extension:minPinLength: true, webauthn:extension:prf: true, webauthn:virtualAuthenticators: true}
Session ID: 92b68d705bf0eb607e5aaf234b61b16b
Caused by: java.util.concurrent.TimeoutException

[[1;31mERROR[m] Open my website and verify functionality #7(Hello)  Time elapsed: 220.419 s  <<< ERROR!
org.openqa.selenium.TimeoutException: 
java.util.concurrent.TimeoutException
Build info: version: '4.13.0', revision: 'ba948ece5b*'
System info: os.name: 'Linux', os.arch: 'amd64', os.version: '5.15.0-136-generic', java.version: '11.0.26'
Driver info: org.openqa.selenium.chrome.ChromeDriver
Command: [77ac1ab1101a5ae31b959243f23b2116, get {url=https://eicdev.fiu.edu/utcdbresearch/search}]
Capabilities {acceptInsecureCerts: false, browserName: chrome, browserVersion: 135.0.7049.84, chrome: {chromedriverVersion: 135.0.7049.84 (6c019e560019..., userDataDir: /tmp/.org.chromium.Chromium...}, fedcm:accounts: true, goog:chromeOptions: {debuggerAddress: localhost:34035}, networkConnectionEnabled: false, pageLoadStrategy: normal, platformName: linux, proxy: Proxy(), se:cdp: ws://localhost:34035/devtoo..., se:cdpVersion: 135.0.7049.84, setWindowRect: true, strictFileInteractability: false, timeouts: {implicit: 0, pageLoad: 300000, script: 30000}, unhandledPromptBehavior: dismiss and notify, webauthn:extension:credBlob: true, webauthn:extension:largeBlob: true, webauthn:extension:minPinLength: true, webauthn:extension:prf: true, webauthn:virtualAuthenticators: true}
Session ID: 77ac1ab1101a5ae31b959243f23b2116
Caused by: java.util.concurrent.TimeoutException

[[1;34mINFO[m] 
[[1;34mINFO[m] Results:
[[1;34mINFO[m] 
[[1;31mERROR[m] [1;31mFailures: [m
[[1;31mERROR[m] [1;31m  null[m
[[1;31mERROR[m] [1;31m  null[m
[[1;31mERROR[m] [1;31mErrors: [m
[[1;31mERROR[m] [1;31m  Could not start a new session. Response code 500. Message: session not created: DevToolsActivePort file doesn't exist 
Host info: host: 'aadon004', ip: '131.94.130.98'
Build info: version: '4.13.0', revision: 'ba948ece5b*'
System info: os.name: 'Linux', os.arch: 'amd64', os.version: '5.15.0-136-generic', java.version: '11.0.26'
Driver info: org.openqa.selenium.chrome.ChromeDriver
Command: [null, newSession {capabilities=[Capabilities {browserName: chrome, goog:chromeOptions: {args: [--remote-allow-origins=*, --headless, --no-sandbox, --disable-dev-shm-usage, --disable-gpu, --window-size=1920,1080], extensions: []}}]}][m
[[1;31mERROR[m] [1;31m  java.util.concurrent.TimeoutException
Build info: version: '4.13.0', revision: 'ba948ece5b*'
System info: os.name: 'Linux', os.arch: 'amd64', os.version: '5.15.0-136-generic', java.version: '11.0.26'
Driver info: org.openqa.selenium.chrome.ChromeDriver
Command: [92b68d705bf0eb607e5aaf234b61b16b, get {url=https://eicdev.fiu.edu/utcdbresearch/search}]
Capabilities {acceptInsecureCerts: false, browserName: chrome, browserVersion: 135.0.7049.84, chrome: {chromedriverVersion: 135.0.7049.84 (6c019e560019..., userDataDir: /tmp/.org.chromium.Chromium...}, fedcm:accounts: true, goog:chromeOptions: {debuggerAddress: localhost:33923}, networkConnectionEnabled: false, pageLoadStrategy: normal, platformName: linux, proxy: Proxy(), se:cdp: ws://localhost:33923/devtoo..., se:cdpVersion: 135.0.7049.84, setWindowRect: true, strictFileInteractability: false, timeouts: {implicit: 0, pageLoad: 300000, script: 30000}, unhandledPromptBehavior: dismiss and notify, webauthn:extension:credBlob: true, webauthn:extension:largeBlob: true, webauthn:extension:minPinLength: true, webauthn:extension:prf: true, webauthn:virtualAuthenticators: true}
Session ID: 92b68d705bf0eb607e5aaf234b61b16b[m
[[1;31mERROR[m] [1;31m  java.util.concurrent.TimeoutException
Build info: version: '4.13.0', revision: 'ba948ece5b*'
System info: os.name: 'Linux', os.arch: 'amd64', os.version: '5.15.0-136-generic', java.version: '11.0.26'
Driver info: org.openqa.selenium.chrome.ChromeDriver
Command: [77ac1ab1101a5ae31b959243f23b2116, get {url=https://eicdev.fiu.edu/utcdbresearch/search}]
Capabilities {acceptInsecureCerts: false, browserName: chrome, browserVersion: 135.0.7049.84, chrome: {chromedriverVersion: 135.0.7049.84 (6c019e560019..., userDataDir: /tmp/.org.chromium.Chromium...}, fedcm:accounts: true, goog:chromeOptions: {debuggerAddress: localhost:34035}, networkConnectionEnabled: false, pageLoadStrategy: normal, platformName: linux, proxy: Proxy(), se:cdp: ws://localhost:34035/devtoo..., se:cdpVersion: 135.0.7049.84, setWindowRect: true, strictFileInteractability: false, timeouts: {implicit: 0, pageLoad: 300000, script: 30000}, unhandledPromptBehavior: dismiss and notify, webauthn:extension:credBlob: true, webauthn:extension:largeBlob: true, webauthn:extension:minPinLength: true, webauthn:extension:prf: true, webauthn:virtualAuthenticators: true}
Session ID: 77ac1ab1101a5ae31b959243f23b2116[m
[[1;34mINFO[m] 
[[1;31mERROR[m] [1;31mTests run: 8, Failures: 2, Errors: 3, Skipped: 0[m
[[1;34mINFO[m] 
[[1;31mERROR[m] There are test failures.

Please refer to /lclhome/aadon004/automation/cucumber-linux-test/target/surefire-reports for the individual test results.
Please refer to dump files (if any exist) [date].dump, [date]-jvmRun[N].dump and [date].dumpstream.
[[1;34mINFO[m] 
[[1;34mINFO[m] [1m--- [0;32mmaven-jar-plugin:2.4:jar[m [1m(default-jar)[m @ [36mcucumber-linux-test[0;1m ---[m
[[1;34mINFO[m] Building jar: /lclhome/aadon004/automation/cucumber-linux-test/target/cucumber-linux-test-1.0-SNAPSHOT.jar
[[1;34mINFO[m] 
[[1;34mINFO[m] [1m--- [0;32mexec-maven-plugin:3.1.0:java[m [1m(send-report-email)[m @ [36mcucumber-linux-test[0;1m ---[m
âœ… Report emailed successfully!
[[1;34mINFO[m] [1m------------------------------------------------------------------------[m
[[1;34mINFO[m] [1;32mBUILD SUCCESS[m
[[1;34mINFO[m] [1m------------------------------------------------------------------------[m
[[1;34mINFO[m] Total time:  16:51 min
[[1;34mINFO[m] Finished at: 2025-04-10T09:16:56-04:00
[[1;34mINFO[m] [1m------------------------------------------------------------------------[m
[[1;34mINFO[m] Scanning for projects...
[[1;34mINFO[m] 
[[1;34mINFO[m] [1m------------------< [0;36morg.example:cucumber-linux-test[0;1m >-------------------[m
[[1;34mINFO[m] [1mBuilding cucumber-linux-test 1.0-SNAPSHOT[m
[[1;34mINFO[m] [1m--------------------------------[ jar ]---------------------------------[m
Downloading from central: https://repo.maven.apache.org/maven2/io/cucumber/messages/maven-metadata.xml
Progress (1): 2.8/2.8 kBProgress (1): 2.8 kB                        Downloaded from central: https://repo.maven.apache.org/maven2/io/cucumber/messages/maven-metadata.xml (2.8 kB at 3.2 kB/s)
[[1;34mINFO[m] 
[[1;34mINFO[m] [1m--- [0;32mmaven-clean-plugin:2.5:clean[m [1m(default-clean)[m @ [36mcucumber-linux-test[0;1m ---[m
[[1;34mINFO[m] Deleting /lclhome/aadon004/automation/cucumber-linux-test/target
[[1;34mINFO[m] 
[[1;34mINFO[m] [1m--- [0;32mmaven-resources-plugin:2.6:resources[m [1m(default-resources)[m @ [36mcucumber-linux-test[0;1m ---[m
[[1;33mWARNING[m] Using platform encoding (UTF-8 actually) to copy filtered resources, i.e. build is platform dependent!
[[1;34mINFO[m] skip non existing resourceDirectory /lclhome/aadon004/automation/cucumber-linux-test/src/main/resources
[[1;34mINFO[m] 
[[1;34mINFO[m] [1m--- [0;32mmaven-compiler-plugin:3.1:compile[m [1m(default-compile)[m @ [36mcucumber-linux-test[0;1m ---[m
[[1;34mINFO[m] Changes detected - recompiling the module!
[[1;33mWARNING[m] File encoding has not been set, using platform encoding UTF-8, i.e. build is platform dependent!
[[1;34mINFO[m] Compiling 1 source file to /lclhome/aadon004/automation/cucumber-linux-test/target/classes
[[1;34mINFO[m] 
[[1;34mINFO[m] [1m--- [0;32mmaven-resources-plugin:2.6:testResources[m [1m(default-testResources)[m @ [36mcucumber-linux-test[0;1m ---[m
[[1;33mWARNING[m] Using platform encoding (UTF-8 actually) to copy filtered resources, i.e. build is platform dependent!
[[1;34mINFO[m] Copying 1 resource
[[1;34mINFO[m] 
[[1;34mINFO[m] [1m--- [0;32mmaven-compiler-plugin:3.1:testCompile[m [1m(default-testCompile)[m @ [36mcucumber-linux-test[0;1m ---[m
[[1;34mINFO[m] Changes detected - recompiling the module!
[[1;33mWARNING[m] File encoding has not been set, using platform encoding UTF-8, i.e. build is platform dependent!
[[1;34mINFO[m] Compiling 2 source files to /lclhome/aadon004/automation/cucumber-linux-test/target/test-classes
[[1;34mINFO[m] 
[[1;34mINFO[m] [1m--- [0;32mmaven-surefire-plugin:2.22.2:test[m [1m(default-test)[m @ [36mcucumber-linux-test[0;1m ---[m
[[1;34mINFO[m] 
[[1;34mINFO[m] -------------------------------------------------------
[[1;34mINFO[m]  T E S T S
[[1;34mINFO[m] -------------------------------------------------------
[[1;34mINFO[m] Running [1mRunCucumberTest[m

Scenario: Say Hello [90m# src/test/resources/features/test.feature:3[0m
SLF4J: No SLF4J providers were found.
SLF4J: Defaulting to no-operation (NOP) logger implementation
SLF4J: See https://www.slf4j.org/codes.html#noProviders for further details.
      [31morg.openqa.selenium.SessionNotCreatedException: Could not start a new session. Response code 500. Message: session not created
from chrome not reachable 
Host info: host: 'aadon004', ip: '131.94.130.98'
Build info: version: '4.13.0', revision: 'ba948ece5b*'
System info: os.name: 'Linux', os.arch: 'amd64', os.version: '5.15.0-136-generic', java.version: '11.0.26'
Driver info: org.openqa.selenium.chrome.ChromeDriver
Command: [null, newSession {capabilities=[Capabilities {browserName: chrome, goog:chromeOptions: {args: [--remote-allow-origins=*, --headless, --no-sandbox, --disable-dev-shm-usage, --disable-gpu, --window-size=1920,1080], extensions: []}}]}]
	at org.openqa.selenium.remote.ProtocolHandshake.createSession(ProtocolHandshake.java:140)
	at org.openqa.selenium.remote.ProtocolHandshake.createSession(ProtocolHandshake.java:96)
	at org.openqa.selenium.remote.ProtocolHandshake.createSession(ProtocolHandshake.java:68)
	at org.openqa.selenium.remote.HttpCommandExecutor.execute(HttpCommandExecutor.java:163)
	at org.openqa.selenium.remote.service.DriverCommandExecutor.invokeExecute(DriverCommandExecutor.java:196)
	at org.openqa.selenium.remote.service.DriverCommandExecutor.execute(DriverCommandExecutor.java:171)
	at org.openqa.selenium.remote.RemoteWebDriver.execute(RemoteWebDriver.java:602)
	at org.openqa.selenium.remote.RemoteWebDriver.startSession(RemoteWebDriver.java:236)
	at org.openqa.selenium.remote.RemoteWebDriver.<init>(RemoteWebDriver.java:163)
	at org.openqa.selenium.chromium.ChromiumDriver.<init>(ChromiumDriver.java:108)
	at org.openqa.selenium.chrome.ChromeDriver.<init>(ChromeDriver.java:88)
	at org.openqa.selenium.chrome.ChromeDriver.<init>(ChromeDriver.java:83)
	at org.openqa.selenium.chrome.ChromeDriver.<init>(ChromeDriver.java:72)
	at stepDefinitions.HelloSteps.setUp(HelloSteps.java:34)
[0m
  [36mGiven [0m[36mI say hello[0m [90m# stepDefinitions.HelloSteps.i_say_hello()[0m

Scenario: Open my website and verify functionality                                       [90m# src/test/resources/features/test.feature:7[0m
Apr 11, 2025 9:03:31 AM org.openqa.selenium.devtools.CdpVersionFinder findNearestMatch
WARNING: Unable to find CDP implementation matching 135
Apr 11, 2025 9:03:33 AM org.openqa.selenium.chromium.ChromiumDriver lambda$new$5
WARNING: Unable to find version of CDP to use for 135.0.7049.84. You may need to include a dependency on a specific version of the CDP using something similar to `org.seleniumhq.selenium:selenium-devtools-v86:4.13.0` where the version ("v86") matches the version of the chromium-based browser you're using and the version number of the artifact is the same as Selenium's.
  [31mGiven [0m[31mI open the browser and navigate to [0m[31m[1m"https://eicdev.fiu.edu/utcdbresearch/search"[0m [90m# stepDefinitions.HelloSteps.i_open_the_browser_and_navigate_to(java.lang.String)[0m
      [31morg.openqa.selenium.remote.UnreachableBrowserException: Error communicating with the remote browser. It may have died.
Build info: version: '4.13.0', revision: 'ba948ece5b*'
System info: os.name: 'Linux', os.arch: 'amd64', os.version: '5.15.0-136-generic', java.version: '11.0.26'
Driver info: org.openqa.selenium.chrome.ChromeDriver
Command: [2437d925384a9cc58803129dba2ab941, get [url]]
Capabilities {acceptInsecureCerts: false, browserName: chrome, browserVersion: 135.0.7049.84, chrome: {chromedriverVersion: 135.0.7049.84 (6c019e560019..., userDataDir: /tmp/.org.chromium.Chromium...}, fedcm:accounts: true, goog:chromeOptions: {debuggerAddress: localhost:44951}, networkConnectionEnabled: false, pageLoadStrategy: normal, platformName: linux, proxy: Proxy(), se:cdp: ws://localhost:44951/devtoo..., se:cdpVersion: 135.0.7049.84, setWindowRect: true, strictFileInteractability: false, timeouts: {implicit: 0, pageLoad: 300000, script: 30000}, unhandledPromptBehavior: dismiss and notify, webauthn:extension:credBlob: true, webauthn:extension:largeBlob: true, webauthn:extension:minPinLength: true, webauthn:extension:prf: true, webauthn:virtualAuthenticators: true}
Session ID: 2437d925384a9cc58803129dba2ab941
	at org.openqa.selenium.remote.RemoteWebDriver.execute(RemoteWebDriver.java:629)
	at org.openqa.selenium.remote.RemoteWebDriver.get(RemoteWebDriver.java:304)
	at stepDefinitions.HelloSteps.i_open_the_browser_and_navigate_to(HelloSteps.java:46)
	at âœ½.I open the browser and navigate to "https://eicdev.fiu.edu/utcdbresearch/search"(file:///lclhome/aadon004/automation/cucumber-linux-test/src/test/resources/features/test.feature:8)
Caused by: java.lang.RuntimeException: NettyHttpHandler request execution error
	at org.openqa.selenium.remote.http.netty.NettyHttpHandler.makeCall(NettyHttpHandler.java:76)
	at org.openqa.selenium.remote.http.AddSeleniumUserAgent.lambda$apply$0(AddSeleniumUserAgent.java:42)
	at org.openqa.selenium.remote.http.Filter.lambda$andFinally$1(Filter.java:55)
	at org.openqa.selenium.remote.http.netty.NettyHttpHandler.execute(NettyHttpHandler.java:48)
	at org.openqa.selenium.remote.http.netty.NettyClient.execute(NettyClient.java:96)
	at org.openqa.selenium.remote.HttpCommandExecutor.execute(HttpCommandExecutor.java:188)
	at org.openqa.selenium.remote.service.DriverCommandExecutor.invokeExecute(DriverCommandExecutor.java:196)
	at org.openqa.selenium.remote.service.DriverCommandExecutor.execute(DriverCommandExecutor.java:171)
	at org.openqa.selenium.remote.RemoteWebDriver.execute(RemoteWebDriver.java:602)
	at org.openqa.selenium.remote.RemoteWebDriver.get(RemoteWebDriver.java:304)
	at stepDefinitions.HelloSteps.i_open_the_browser_and_navigate_to(HelloSteps.java:46)
	at java.base/jdk.internal.reflect.NativeMethodAccessorImpl.invoke0(Native Method)
	at java.base/jdk.internal.reflect.NativeMethodAccessorImpl.invoke(NativeMethodAccessorImpl.java:62)
	at java.base/jdk.internal.reflect.DelegatingMethodAccessorImpl.invoke(DelegatingMethodAccessorImpl.java:43)
	at java.base/java.lang.reflect.Method.invoke(Method.java:566)
	at io.cucumber.java.Invoker.doInvoke(Invoker.java:66)
	at io.cucumber.java.Invoker.invoke(Invoker.java:24)
	at io.cucumber.java.AbstractGlueDefinition.invokeMethod(AbstractGlueDefinition.java:47)
	at io.cucumber.java.JavaStepDefinition.execute(JavaStepDefinition.java:29)
	at io.cucumber.core.runner.CoreStepDefinition.execute(CoreStepDefinition.java:66)
	at io.cucumber.core.runner.PickleStepDefinitionMatch.runStep(PickleStepDefinitionMatch.java:63)
	at io.cucumber.core.runner.ExecutionMode$1.execute(ExecutionMode.java:10)
	at io.cucumber.core.runner.TestStep.executeStep(TestStep.java:84)
	at io.cucumber.core.runner.TestStep.run(TestStep.java:56)
	at io.cucumber.core.runner.PickleStepTestStep.run(PickleStepTestStep.java:51)
	at io.cucumber.core.runner.TestCase.run(TestCase.java:84)
	at io.cucumber.core.runner.Runner.runPickle(Runner.java:75)
	at io.cucumber.junit.PickleRunners$NoStepDescriptions.lambda$run$0(PickleRunners.java:151)
	at io.cucumber.core.runtime.CucumberExecutionContext.lambda$runTestCase$5(CucumberExecutionContext.java:137)
	at io.cucumber.core.runtime.RethrowingThrowableCollector.executeAndThrow(RethrowingThrowableCollector.java:23)
	at io.cucumber.core.runtime.CucumberExecutionContext.runTestCase(CucumberExecutionContext.java:137)
	at io.cucumber.junit.PickleRunners$NoStepDescriptions.run(PickleRunners.java:148)
	at io.cucumber.junit.FeatureRunner.runChild(FeatureRunner.java:144)
	at io.cucumber.junit.FeatureRunner.runChild(FeatureRunner.java:28)
	at org.junit.runners.ParentRunner$4.run(ParentRunner.java:331)
	at org.junit.runners.ParentRunner$1.schedule(ParentRunner.java:79)
	at org.junit.runners.ParentRunner.runChildren(ParentRunner.java:329)
	at org.junit.runners.ParentRunner.access$100(ParentRunner.java:66)
	at org.junit.runners.ParentRunner$2.evaluate(ParentRunner.java:293)
	at org.junit.runners.ParentRunner$3.evaluate(ParentRunner.java:306)
	at org.junit.runners.ParentRunner.run(ParentRunner.java:413)
	at io.cucumber.junit.FeatureRunner.run(FeatureRunner.java:137)
	at io.cucumber.junit.Cucumber.runChild(Cucumber.java:196)
	at io.cucumber.junit.Cucumber.runChild(Cucumber.java:89)
	at org.junit.runners.ParentRunner$4.run(ParentRunner.java:331)
	at org.junit.runners.ParentRunner$1.schedule(ParentRunner.java:79)
	at org.junit.runners.ParentRunner.runChildren(ParentRunner.java:329)
	at org.junit.runners.ParentRunner.access$100(ParentRunner.java:66)
	at org.junit.runners.ParentRunner$2.evaluate(ParentRunner.java:293)
	at io.cucumber.core.runtime.CucumberExecutionContext.lambda$runFeatures$6(CucumberExecutionContext.java:148)
	at io.cucumber.core.runtime.CucumberExecutionContext.execute(CucumberExecutionContext.java:163)
	at io.cucumber.core.runtime.CucumberExecutionContext.runFeatures(CucumberExecutionContext.java:146)
	at io.cucumber.junit.Cucumber$StartAndFinishTestRun.evaluate(Cucumber.java:226)
	at org.junit.runners.ParentRunner$3.evaluate(ParentRunner.java:306)
	at org.junit.runners.ParentRunner.run(ParentRunner.java:413)
	at org.apache.maven.surefire.junit4.JUnit4Provider.execute(JUnit4Provider.java:365)
	at org.apache.maven.surefire.junit4.JUnit4Provider.executeWithRerun(JUnit4Provider.java:273)
	at org.apache.maven.surefire.junit4.JUnit4Provider.executeTestSet(JUnit4Provider.java:238)
	at org.apache.maven.surefire.junit4.JUnit4Provider.invoke(JUnit4Provider.java:159)
	at org.apache.maven.surefire.booter.ForkedBooter.invokeProviderInSameClassLoader(ForkedBooter.java:384)
	at org.apache.maven.surefire.booter.ForkedBooter.runSuitesInProcess(ForkedBooter.java:345)
	at org.apache.maven.surefire.booter.ForkedBooter.execute(ForkedBooter.java:126)
	at org.apache.maven.surefire.booter.ForkedBooter.main(ForkedBooter.java:418)
Caused by: java.util.concurrent.ExecutionException: java.util.concurrent.TimeoutException: Request timeout to localhost/127.0.0.1:23119 after 180000 ms
	at java.base/java.util.concurrent.CompletableFuture.reportGet(CompletableFuture.java:395)
	at java.base/java.util.concurrent.CompletableFuture.get(CompletableFuture.java:2028)
	at org.asynchttpclient.netty.NettyResponseFuture.get(NettyResponseFuture.java:206)
	at org.openqa.selenium.remote.http.netty.NettyHttpHandler.makeCall(NettyHttpHandler.java:59)
	... 62 more
Caused by: java.util.concurrent.TimeoutException: Request timeout to localhost/127.0.0.1:23119 after 180000 ms
	at org.asynchttpclient.netty.timeout.TimeoutTimerTask.expire(TimeoutTimerTask.java:43)
	at org.asynchttpclient.netty.timeout.RequestTimeoutTimerTask.run(RequestTimeoutTimerTask.java:50)
	at io.netty.util.HashedWheelTimer$HashedWheelTimeout.run(HashedWheelTimer.java:715)
	at io.netty.util.concurrent.ImmediateExecutor.execute(ImmediateExecutor.java:34)
	at io.netty.util.HashedWheelTimer$HashedWheelTimeout.expire(HashedWheelTimer.java:703)
	at io.netty.util.HashedWheelTimer$HashedWheelBucket.expireTimeouts(HashedWheelTimer.java:790)
	at io.netty.util.HashedWheelTimer$Worker.run(HashedWheelTimer.java:503)
	at io.netty.util.concurrent.FastThreadLocalRunnable.run(FastThreadLocalRunnable.java:30)
	at java.base/java.lang.Thread.run(Thread.java:829)
[0m
  [36mThen [0m[36mI search for [0m[36m[1m"Design-Bid-Build,Precast Approach Slab"[0m                             [90m# stepDefinitions.HelloSteps.SearchForKeyWord(java.lang.String)[0m
  [36mAnd [0m[36mI click the Search button[0m                                                          [90m# stepDefinitions.HelloSteps.iClickSearchButton()[0m
  [36mThen [0m[36mI verify [0m[36m[1m"15"[0m[36m results[0m                                                             [90m# stepDefinitions.HelloSteps.i_verify_the_site_functions_as_expected(java.lang.String)[0m

Scenario: Open my website and verify functionality                                       [90m# src/test/resources/features/test.feature:13[0m
      [31morg.openqa.selenium.SessionNotCreatedException: Could not start a new session. Response code 500. Message: session not created: DevToolsActivePort file doesn't exist 
Host info: host: 'aadon004', ip: '131.94.130.98'
Build info: version: '4.13.0', revision: 'ba948ece5b*'
System info: os.name: 'Linux', os.arch: 'amd64', os.version: '5.15.0-136-generic', java.version: '11.0.26'
Driver info: org.openqa.selenium.chrome.ChromeDriver
Command: [null, newSession {capabilities=[Capabilities {browserName: chrome, goog:chromeOptions: {args: [--remote-allow-origins=*, --headless, --no-sandbox, --disable-dev-shm-usage, --disable-gpu, --window-size=1920,1080], extensions: []}}]}]
	at org.openqa.selenium.remote.ProtocolHandshake.createSession(ProtocolHandshake.java:140)
	at org.openqa.selenium.remote.ProtocolHandshake.createSession(ProtocolHandshake.java:96)
	at org.openqa.selenium.remote.ProtocolHandshake.createSession(ProtocolHandshake.java:68)
	at org.openqa.selenium.remote.HttpCommandExecutor.execute(HttpCommandExecutor.java:163)
	at org.openqa.selenium.remote.service.DriverCommandExecutor.invokeExecute(DriverCommandExecutor.java:196)
	at org.openqa.selenium.remote.service.DriverCommandExecutor.execute(DriverCommandExecutor.java:171)
	at org.openqa.selenium.remote.RemoteWebDriver.execute(RemoteWebDriver.java:602)
	at org.openqa.selenium.remote.RemoteWebDriver.startSession(RemoteWebDriver.java:236)
	at org.openqa.selenium.remote.RemoteWebDriver.<init>(RemoteWebDriver.java:163)
	at org.openqa.selenium.chromium.ChromiumDriver.<init>(ChromiumDriver.java:108)
	at org.openqa.selenium.chrome.ChromeDriver.<init>(ChromeDriver.java:88)
	at org.openqa.selenium.chrome.ChromeDriver.<init>(ChromeDriver.java:83)
	at org.openqa.selenium.chrome.ChromeDriver.<init>(ChromeDriver.java:72)
	at stepDefinitions.HelloSteps.setUp(HelloSteps.java:34)
[0m
  [36mGiven [0m[36mI open the browser and navigate to [0m[36m[1m"https://eicdev.fiu.edu/utcdbresearch/search"[0m [90m# stepDefinitions.HelloSteps.i_open_the_browser_and_navigate_to(java.lang.String)[0m
  [36mThen [0m[36mI select Beam Material [0m[36m[1m"Steel"[0m                                                    [90m# stepDefinitions.HelloSteps.selectBeamMaterial(java.lang.String)[0m
  [36mThen [0m[36mI select Spans [0m[36m[1m"> Three-span"[0m                                                     [90m# stepDefinitions.HelloSteps.selectSpans(java.lang.String)[0m
  [36mThen [0m[36mI search for [0m[36m[1m"Full-Depth Precast Deck Panel w/o PT"[0m                               [90m# stepDefinitions.HelloSteps.SearchForKeyWord(java.lang.String)[0m
  [36mAnd [0m[36mI click the Search button[0m                                                          [90m# stepDefinitions.HelloSteps.iClickSearchButton()[0m
  [36mThen [0m[36mI verify [0m[36m[1m"15"[0m[36m results[0m                                                             [90m# stepDefinitions.HelloSteps.i_verify_the_site_functions_as_expected(java.lang.String)[0m

Scenario: Open my website and verify functionality                                       [90m# src/test/resources/features/test.feature:21[0m
Apr 11, 2025 9:08:31 AM org.openqa.selenium.devtools.CdpVersionFinder findNearestMatch
WARNING: Unable to find CDP implementation matching 135
Apr 11, 2025 9:08:31 AM org.openqa.selenium.chromium.ChromiumDriver lambda$new$5
WARNING: Unable to find version of CDP to use for 135.0.7049.84. You may need to include a dependency on a specific version of the CDP using something similar to `org.seleniumhq.selenium:selenium-devtools-v86:4.13.0` where the version ("v86") matches the version of the chromium-based browser you're using and the version number of the artifact is the same as Selenium's.
  [32mGiven [0m[32mI open the browser and navigate to [0m[32m[1m"https://eicdev.fiu.edu/utcdbresearch/search"[0m [90m# stepDefinitions.HelloSteps.i_open_the_browser_and_navigate_to(java.lang.String)[0m
  [32mThen [0m[32mI select the Construction Equipment Category [0m[32m[1m"Lateral Slide"[0m                      [90m# stepDefinitions.HelloSteps.selectConstructionEquipement(java.lang.String)[0m
  [32mThen [0m[32mI select the Construction Equipment Category [0m[32m[1m"Longitudinal Launch"[0m                [90m# stepDefinitions.HelloSteps.selectConstructionEquipement(java.lang.String)[0m
  [32mThen [0m[32mI select the location [0m[32m[1m"Urban"[0m                                                     [90m# stepDefinitions.HelloSteps.selectLocation(java.lang.String)[0m
  [32mThen [0m[32mI select the Traffic Impact Category [0m[32m[1m"Tier 1 (within 1 day)"[0m                      [90m# stepDefinitions.HelloSteps.selectTrafficImpactCategory(java.lang.String)[0m
  [32mThen [0m[32mI select the Traffic Impact Category [0m[32m[1m"Tier 2 (within 3 days)"[0m                     [90m# stepDefinitions.HelloSteps.selectTrafficImpactCategory(java.lang.String)[0m
  [32mThen [0m[32mI search for [0m[32m[1m" incentive / disincentive clause"[0m                                   [90m# stepDefinitions.HelloSteps.SearchForKeyWord(java.lang.String)[0m
  [32mAnd [0m[32mI click the Search button[0m                                                          [90m# stepDefinitions.HelloSteps.iClickSearchButton()[0m
Found 13 Results
  [31mThen [0m[31mI verify [0m[31m[1m"13"[0m[31m results[0m                                                             [90m# stepDefinitions.HelloSteps.i_verify_the_site_functions_as_expected(java.lang.String)[0m
      [31mjava.lang.AssertionError
	at org.junit.Assert.fail(Assert.java:87)
	at org.junit.Assert.assertTrue(Assert.java:42)
	at org.junit.Assert.assertTrue(Assert.java:53)
	at stepDefinitions.HelloSteps.i_verify_the_site_functions_as_expected(HelloSteps.java:83)
	at âœ½.I verify "13" results(file:///lclhome/aadon004/automation/cucumber-linux-test/src/test/resources/features/test.feature:30)
[0m

Scenario: Open my website and verify functionality                                       [90m# src/test/resources/features/test.feature:32[0m
Apr 11, 2025 9:09:50 AM org.openqa.selenium.devtools.CdpVersionFinder findNearestMatch
WARNING: Unable to find CDP implementation matching 135
Apr 11, 2025 9:09:50 AM org.openqa.selenium.chromium.ChromiumDriver lambda$new$5
WARNING: Unable to find version of CDP to use for 135.0.7049.84. You may need to include a dependency on a specific version of the CDP using something similar to `org.seleniumhq.selenium:selenium-devtools-v86:4.13.0` where the version ("v86") matches the version of the chromium-based browser you're using and the version number of the artifact is the same as Selenium's.
  [32mGiven [0m[32mI open the browser and navigate to [0m[32m[1m"https://eicdev.fiu.edu/utcdbresearch/search"[0m [90m# stepDefinitions.HelloSteps.i_open_the_browser_and_navigate_to(java.lang.String)[0m
  [32mThen [0m[32mI select the location [0m[32m[1m"Urban"[0m                                                     [90m# stepDefinitions.HelloSteps.selectLocation(java.lang.String)[0m
  [32mThen [0m[32mI select the state [0m[32m[1m"Utah"[0m                                                         [90m# stepDefinitions.HelloSteps.i_perform_actions_on_the_site(java.lang.String)[0m
  [32mThen [0m[32mI select the state [0m[32m[1m"Massachusetts"[0m                                                [90m# stepDefinitions.HelloSteps.i_perform_actions_on_the_site(java.lang.String)[0m
  [32mThen [0m[32mI select the Construction Equipment Category [0m[32m[1m"SPMTs"[0m                              [90m# stepDefinitions.HelloSteps.selectConstructionEquipement(java.lang.String)[0m
  [32mThen [0m[32mI select the total bridge length range [0m[32m[1m"150"[0m[32m to [0m[32m[1m"500"[0m                             [90m# stepDefinitions.HelloSteps.selectBridgeLengthRange(java.lang.String,java.lang.String)[0m
  [32mThen [0m[32mI search for [0m[32m[1m"Improved work-zone safety, CIP substructure under traffic , FDcBs"[0m  [90m# stepDefinitions.HelloSteps.SearchForKeyWord(java.lang.String)[0m
  [32mThen [0m[32mI select the max span length range [0m[32m[1m"100"[0m[32m to [0m[32m[1m"200"[0m                                 [90m# stepDefinitions.HelloSteps.selectMaxSpanLength(java.lang.String,java.lang.String)[0m
  [32mAnd [0m[32mI click the Search button[0m                                                          [90m# stepDefinitions.HelloSteps.iClickSearchButton()[0m
Found 1 Results
  [32mThen [0m[32mI verify [0m[32m[1m"1"[0m[32m results[0m                                                              [90m# stepDefinitions.HelloSteps.i_verify_the_site_functions_as_expected(java.lang.String)[0m

Scenario: Open my website and verify functionality                                       [90m# src/test/resources/features/test.feature:44[0m
Apr 11, 2025 9:10:49 AM org.openqa.selenium.devtools.CdpVersionFinder findNearestMatch
WARNING: Unable to find CDP implementation matching 135
Apr 11, 2025 9:10:49 AM org.openqa.selenium.chromium.ChromiumDriver lambda$new$5
WARNING: Unable to find version of CDP to use for 135.0.7049.84. You may need to include a dependency on a specific version of the CDP using something similar to `org.seleniumhq.selenium:selenium-devtools-v86:4.13.0` where the version ("v86") matches the version of the chromium-based browser you're using and the version number of the artifact is the same as Selenium's.
  [32mGiven [0m[32mI open the browser and navigate to [0m[32m[1m"https://eicdev.fiu.edu/utcdbresearch/search"[0m [90m# stepDefinitions.HelloSteps.i_open_the_browser_and_navigate_to(java.lang.String)[0m
  [32mThen [0m[32mI select Funding Source [0m[32m[1m"Federal Only"[0m                                            [90m# stepDefinitions.HelloSteps.SelectFundingSource(java.lang.String)[0m
  [32mThen [0m[32mI select Funding Source [0m[32m[1m"Local"[0m                                                   [90m# stepDefinitions.HelloSteps.SelectFundingSource(java.lang.String)[0m
  [32mThen [0m[32mI select the Average Daily Traffic Range [0m[32m[1m"500"[0m[32m to [0m[32m[1m"2000"[0m                          [90m# stepDefinitions.HelloSteps.selectaverageDailyTraffic(java.lang.String,java.lang.String)[0m
  [32mThen [0m[32mI select the Year built range [0m[32m[1m"2015"[0m[32m to [0m[32m[1m"2024"[0m                                    [90m# stepDefinitions.HelloSteps.selectYearBuilt(java.lang.String,java.lang.String)[0m
  [32mThen [0m[32mI search for [0m[32m[1m"AID Demo"[0m                                                           [90m# stepDefinitions.HelloSteps.SearchForKeyWord(java.lang.String)[0m
  [32mAnd [0m[32mI click the Search button[0m                                                          [90m# stepDefinitions.HelloSteps.iClickSearchButton()[0m
Found 1 Results
  [32mThen [0m[32mI verify [0m[32m[1m"1"[0m[32m results[0m                                                              [90m# stepDefinitions.HelloSteps.i_verify_the_site_functions_as_expected(java.lang.String)[0m

Scenario: Open my website and verify functionality                                       [90m# src/test/resources/features/test.feature:54[0m
      [31morg.openqa.selenium.SessionNotCreatedException: Could not start a new session. Response code 500. Message: session not created
from chrome not reachable 
Host info: host: 'aadon004', ip: '131.94.130.98'
Build info: version: '4.13.0', revision: 'ba948ece5b*'
System info: os.name: 'Linux', os.arch: 'amd64', os.version: '5.15.0-136-generic', java.version: '11.0.26'
Driver info: org.openqa.selenium.chrome.ChromeDriver
Command: [null, newSession {capabilities=[Capabilities {browserName: chrome, goog:chromeOptions: {args: [--remote-allow-origins=*, --headless, --no-sandbox, --disable-dev-shm-usage, --disable-gpu, --window-size=1920,1080], extensions: []}}]}]
	at org.openqa.selenium.remote.ProtocolHandshake.createSession(ProtocolHandshake.java:140)
	at org.openqa.selenium.remote.ProtocolHandshake.createSession(ProtocolHandshake.java:96)
	at org.openqa.selenium.remote.ProtocolHandshake.createSession(ProtocolHandshake.java:68)
	at org.openqa.selenium.remote.HttpCommandExecutor.execute(HttpCommandExecutor.java:163)
	at org.openqa.selenium.remote.service.DriverCommandExecutor.invokeExecute(DriverCommandExecutor.java:196)
	at org.openqa.selenium.remote.service.DriverCommandExecutor.execute(DriverCommandExecutor.java:171)
	at org.openqa.selenium.remote.RemoteWebDriver.execute(RemoteWebDriver.java:602)
	at org.openqa.selenium.remote.RemoteWebDriver.startSession(RemoteWebDriver.java:236)
	at org.openqa.selenium.remote.RemoteWebDriver.<init>(RemoteWebDriver.java:163)
	at org.openqa.selenium.chromium.ChromiumDriver.<init>(ChromiumDriver.java:108)
	at org.openqa.selenium.chrome.ChromeDriver.<init>(ChromeDriver.java:88)
	at org.openqa.selenium.chrome.ChromeDriver.<init>(ChromeDriver.java:83)
	at org.openqa.selenium.chrome.ChromeDriver.<init>(ChromeDriver.java:72)
	at stepDefinitions.HelloSteps.setUp(HelloSteps.java:34)
[0m
  [36mGiven [0m[36mI open the browser and navigate to [0m[36m[1m"https://eicdev.fiu.edu/utcdbresearch/search"[0m [90m# stepDefinitions.HelloSteps.i_open_the_browser_and_navigate_to(java.lang.String)[0m
  [36mThen [0m[36mI search for [0m[36m[1m"Longitudinal Launch"[0m                                                [90m# stepDefinitions.HelloSteps.SearchForKeyWord(java.lang.String)[0m
  [36mAnd [0m[36mI click the Search button[0m                                                          [90m# stepDefinitions.HelloSteps.iClickSearchButton()[0m
  [36mThen [0m[36mI verify [0m[36m[1m"1"[0m[36m results[0m                                                              [90m# stepDefinitions.HelloSteps.i_verify_the_site_functions_as_expected(java.lang.String)[0m

Scenario: Open my website and verify functionality                                       [90m# src/test/resources/features/test.feature:60[0m
Apr 11, 2025 9:13:25 AM org.openqa.selenium.devtools.CdpVersionFinder findNearestMatch
WARNING: Unable to find CDP implementation matching 135
Apr 11, 2025 9:13:25 AM org.openqa.selenium.chromium.ChromiumDriver lambda$new$5
WARNING: Unable to find version of CDP to use for 135.0.7049.84. You may need to include a dependency on a specific version of the CDP using something similar to `org.seleniumhq.selenium:selenium-devtools-v86:4.13.0` where the version ("v86") matches the version of the chromium-based browser you're using and the version number of the artifact is the same as Selenium's.
  [32mGiven [0m[32mI open the browser and navigate to [0m[32m[1m"https://eicdev.fiu.edu/utcdbresearch/search"[0m [90m# stepDefinitions.HelloSteps.i_open_the_browser_and_navigate_to(java.lang.String)[0m
  [32mThen [0m[32mI search for [0m[32m[1m"CIP substructure under traffic"[0m                                     [90m# stepDefinitions.HelloSteps.SearchForKeyWord(java.lang.String)[0m
  [32mAnd [0m[32mI click the Search button[0m                                                          [90m# stepDefinitions.HelloSteps.iClickSearchButton()[0m
Found 18 Results
  [31mThen [0m[31mI verify [0m[31m[1m"18"[0m[31m results[0m                                                             [90m# stepDefinitions.HelloSteps.i_verify_the_site_functions_as_expected(java.lang.String)[0m
      [31mjava.lang.AssertionError
	at org.junit.Assert.fail(Assert.java:87)
	at org.junit.Assert.assertTrue(Assert.java:42)
	at org.junit.Assert.assertTrue(Assert.java:53)
	at stepDefinitions.HelloSteps.i_verify_the_site_functions_as_expected(HelloSteps.java:83)
	at âœ½.I verify "18" results(file:///lclhome/aadon004/automation/cucumber-linux-test/src/test/resources/features/test.feature:64)
[0m
[[1;31mERROR[m] [1;31mTests [0;1mrun: [0;1m8[m, [1;31mFailures: [0;1;31m2[m, [1;31mErrors: [0;1;31m4[m, Skipped: 0, Time elapsed: 828.304 s[1;31m <<< FAILURE![m - in [1mRunCucumberTest[m
[[1;31mERROR[m] Say Hello(Hello)  Time elapsed: 80.715 s  <<< ERROR!
org.openqa.selenium.SessionNotCreatedException: 
Could not start a new session. Response code 500. Message: session not created
from chrome not reachable 
Host info: host: 'aadon004', ip: '131.94.130.98'
Build info: version: '4.13.0', revision: 'ba948ece5b*'
System info: os.name: 'Linux', os.arch: 'amd64', os.version: '5.15.0-136-generic', java.version: '11.0.26'
Driver info: org.openqa.selenium.chrome.ChromeDriver
Command: [null, newSession {capabilities=[Capabilities {browserName: chrome, goog:chromeOptions: {args: [--remote-allow-origins=*, --headless, --no-sandbox, --disable-dev-shm-usage, --disable-gpu, --window-size=1920,1080], extensions: []}}]}]

[[1;31mERROR[m] Open my website and verify functionality #1(Hello)  Time elapsed: 287.319 s  <<< ERROR!
org.openqa.selenium.remote.UnreachableBrowserException: 
Error communicating with the remote browser. It may have died.
Build info: version: '4.13.0', revision: 'ba948ece5b*'
System info: os.name: 'Linux', os.arch: 'amd64', os.version: '5.15.0-136-generic', java.version: '11.0.26'
Driver info: org.openqa.selenium.chrome.ChromeDriver
Command: [2437d925384a9cc58803129dba2ab941, get [url]]
Capabilities {acceptInsecureCerts: false, browserName: chrome, browserVersion: 135.0.7049.84, chrome: {chromedriverVersion: 135.0.7049.84 (6c019e560019..., userDataDir: /tmp/.org.chromium.Chromium...}, fedcm:accounts: true, goog:chromeOptions: {debuggerAddress: localhost:44951}, networkConnectionEnabled: false, pageLoadStrategy: normal, platformName: linux, proxy: Proxy(), se:cdp: ws://localhost:44951/devtoo..., se:cdpVersion: 135.0.7049.84, setWindowRect: true, strictFileInteractability: false, timeouts: {implicit: 0, pageLoad: 300000, script: 30000}, unhandledPromptBehavior: dismiss and notify, webauthn:extension:credBlob: true, webauthn:extension:largeBlob: true, webauthn:extension:minPinLength: true, webauthn:extension:prf: true, webauthn:virtualAuthenticators: true}
Session ID: 2437d925384a9cc58803129dba2ab941
Caused by: java.lang.RuntimeException: NettyHttpHandler request execution error
Caused by: java.util.concurrent.ExecutionException: java.util.concurrent.TimeoutException: Request timeout to localhost/127.0.0.1:23119 after 180000 ms
Caused by: java.util.concurrent.TimeoutException: Request timeout to localhost/127.0.0.1:23119 after 180000 ms

[[1;31mERROR[m] Open my website and verify functionality #2(Hello)  Time elapsed: 97.021 s  <<< ERROR!
org.openqa.selenium.SessionNotCreatedException: 
Could not start a new session. Response code 500. Message: session not created: DevToolsActivePort file doesn't exist 
Host info: host: 'aadon004', ip: '131.94.130.98'
Build info: version: '4.13.0', revision: 'ba948ece5b*'
System info: os.name: 'Linux', os.arch: 'amd64', os.version: '5.15.0-136-generic', java.version: '11.0.26'
Driver info: org.openqa.selenium.chrome.ChromeDriver
Command: [null, newSession {capabilities=[Capabilities {browserName: chrome, goog:chromeOptions: {args: [--remote-allow-origins=*, --headless, --no-sandbox, --disable-dev-shm-usage, --disable-gpu, --window-size=1920,1080], extensions: []}}]}]

[[1;31mERROR[m] Open my website and verify functionality #3(Hello)  Time elapsed: 54.687 s  <<< FAILURE!
java.lang.AssertionError

[[1;31mERROR[m] Open my website and verify functionality #6(Hello)  Time elapsed: 72.144 s  <<< ERROR!
org.openqa.selenium.SessionNotCreatedException: 
Could not start a new session. Response code 500. Message: session not created
from chrome not reachable 
Host info: host: 'aadon004', ip: '131.94.130.98'
Build info: version: '4.13.0', revision: 'ba948ece5b*'
System info: os.name: 'Linux', os.arch: 'amd64', os.version: '5.15.0-136-generic', java.version: '11.0.26'
Driver info: org.openqa.selenium.chrome.ChromeDriver
Command: [null, newSession {capabilities=[Capabilities {browserName: chrome, goog:chromeOptions: {args: [--remote-allow-origins=*, --headless, --no-sandbox, --disable-dev-shm-usage, --disable-gpu, --window-size=1920,1080], extensions: []}}]}]

[[1;31mERROR[m] Open my website and verify functionality #7(Hello)  Time elapsed: 73.281 s  <<< FAILURE!
java.lang.AssertionError

[[1;34mINFO[m] 
[[1;34mINFO[m] Results:
[[1;34mINFO[m] 
[[1;31mERROR[m] [1;31mFailures: [m
[[1;31mERROR[m] [1;31m  null[m
[[1;31mERROR[m] [1;31m  null[m
[[1;31mERROR[m] [1;31mErrors: [m
[[1;31mERROR[m] [1;31m  Error communicating with the remote browser. It may have died.
Build info: version: '4.13.0', revision: 'ba948ece5b*'
System info: os.name: 'Linux', os.arch: 'amd64', os.version: '5.15.0-136-generic', java.version: '11.0.26'
Driver info: org.openqa.selenium.chrome.ChromeDriver
Command: [2437d925384a9cc58803129dba2ab941, get [url]]
Capabilities {acceptInsecureCerts: false, browserName: chrome, browserVersion: 135.0.7049.84, chrome: {chromedriverVersion: 135.0.7049.84 (6c019e560019..., userDataDir: /tmp/.org.chromium.Chromium...}, fedcm:accounts: true, goog:chromeOptions: {debuggerAddress: localhost:44951}, networkConnectionEnabled: false, pageLoadStrategy: normal, platformName: linux, proxy: Proxy(), se:cdp: ws://localhost:44951/devtoo..., se:cdpVersion: 135.0.7049.84, setWindowRect: true, strictFileInteractability: false, timeouts: {implicit: 0, pageLoad: 300000, script: 30000}, unhandledPromptBehavior: dismiss and notify, webauthn:extension:credBlob: true, webauthn:extension:largeBlob: true, webauthn:extension:minPinLength: true, webauthn:extension:prf: true, webauthn:virtualAuthenticators: true}
Session ID: 2437d925384a9cc58803129dba2ab941[m
[[1;31mERROR[m] [1;31m  Could not start a new session. Response code 500. Message: session not created: DevToolsActivePort file doesn't exist 
Host info: host: 'aadon004', ip: '131.94.130.98'
Build info: version: '4.13.0', revision: 'ba948ece5b*'
System info: os.name: 'Linux', os.arch: 'amd64', os.version: '5.15.0-136-generic', java.version: '11.0.26'
Driver info: org.openqa.selenium.chrome.ChromeDriver
Command: [null, newSession {capabilities=[Capabilities {browserName: chrome, goog:chromeOptions: {args: [--remote-allow-origins=*, --headless, --no-sandbox, --disable-dev-shm-usage, --disable-gpu, --window-size=1920,1080], extensions: []}}]}][m
[[1;31mERROR[m] [1;31m  Could not start a new session. Response code 500. Message: session not created
from chrome not reachable 
Host info: host: 'aadon004', ip: '131.94.130.98'
Build info: version: '4.13.0', revision: 'ba948ece5b*'
System info: os.name: 'Linux', os.arch: 'amd64', os.version: '5.15.0-136-generic', java.version: '11.0.26'
Driver info: org.openqa.selenium.chrome.ChromeDriver
Command: [null, newSession {capabilities=[Capabilities {browserName: chrome, goog:chromeOptions: {args: [--remote-allow-origins=*, --headless, --no-sandbox, --disable-dev-shm-usage, --disable-gpu, --window-size=1920,1080], extensions: []}}]}][m
[[1;31mERROR[m] [1;31m  Could not start a new session. Response code 500. Message: session not created
from chrome not reachable 
Host info: host: 'aadon004', ip: '131.94.130.98'
Build info: version: '4.13.0', revision: 'ba948ece5b*'
System info: os.name: 'Linux', os.arch: 'amd64', os.version: '5.15.0-136-generic', java.version: '11.0.26'
Driver info: org.openqa.selenium.chrome.ChromeDriver
Command: [null, newSession {capabilities=[Capabilities {browserName: chrome, goog:chromeOptions: {args: [--remote-allow-origins=*, --headless, --no-sandbox, --disable-dev-shm-usage, --disable-gpu, --window-size=1920,1080], extensions: []}}]}][m
[[1;34mINFO[m] 
[[1;31mERROR[m] [1;31mTests run: 8, Failures: 2, Errors: 4, Skipped: 0[m
[[1;34mINFO[m] 
[[1;31mERROR[m] There are test failures.

Please refer to /lclhome/aadon004/automation/cucumber-linux-test/target/surefire-reports for the individual test results.
Please refer to dump files (if any exist) [date].dump, [date]-jvmRun[N].dump and [date].dumpstream.
[[1;34mINFO[m] 
[[1;34mINFO[m] [1m--- [0;32mmaven-jar-plugin:2.4:jar[m [1m(default-jar)[m @ [36mcucumber-linux-test[0;1m ---[m
[[1;34mINFO[m] Building jar: /lclhome/aadon004/automation/cucumber-linux-test/target/cucumber-linux-test-1.0-SNAPSHOT.jar
[[1;34mINFO[m] 
[[1;34mINFO[m] [1m--- [0;32mexec-maven-plugin:3.1.0:java[m [1m(send-report-email)[m @ [36mcucumber-linux-test[0;1m ---[m
âœ… Report emailed successfully!
[[1;34mINFO[m] [1m------------------------------------------------------------------------[m
[[1;34mINFO[m] [1;32mBUILD SUCCESS[m
[[1;34mINFO[m] [1m------------------------------------------------------------------------[m
[[1;34mINFO[m] Total time:  14:19 min
[[1;34mINFO[m] Finished at: 2025-04-11T09:14:27-04:00
[[1;34mINFO[m] [1m------------------------------------------------------------------------[m
[[1;34mINFO[m] Scanning for projects...
[[1;34mINFO[m] 
[[1;34mINFO[m] [1m------------------< [0;36morg.example:cucumber-linux-test[0;1m >-------------------[m
[[1;34mINFO[m] [1mBuilding cucumber-linux-test 1.0-SNAPSHOT[m
[[1;34mINFO[m] [1m--------------------------------[ jar ]---------------------------------[m
Downloading from central: https://repo.maven.apache.org/maven2/io/cucumber/messages/maven-metadata.xml
Progress (1): 2.8/2.8 kBProgress (1): 2.8 kB                        Downloaded from central: https://repo.maven.apache.org/maven2/io/cucumber/messages/maven-metadata.xml (2.8 kB at 4.6 kB/s)
[[1;34mINFO[m] 
[[1;34mINFO[m] [1m--- [0;32mmaven-clean-plugin:2.5:clean[m [1m(default-clean)[m @ [36mcucumber-linux-test[0;1m ---[m
[[1;34mINFO[m] Deleting /lclhome/aadon004/automation/cucumber-linux-test/target
[[1;34mINFO[m] 
[[1;34mINFO[m] [1m--- [0;32mmaven-resources-plugin:2.6:resources[m [1m(default-resources)[m @ [36mcucumber-linux-test[0;1m ---[m
[[1;33mWARNING[m] Using platform encoding (UTF-8 actually) to copy filtered resources, i.e. build is platform dependent!
[[1;34mINFO[m] skip non existing resourceDirectory /lclhome/aadon004/automation/cucumber-linux-test/src/main/resources
[[1;34mINFO[m] 
[[1;34mINFO[m] [1m--- [0;32mmaven-compiler-plugin:3.1:compile[m [1m(default-compile)[m @ [36mcucumber-linux-test[0;1m ---[m
[[1;34mINFO[m] Changes detected - recompiling the module!
[[1;33mWARNING[m] File encoding has not been set, using platform encoding UTF-8, i.e. build is platform dependent!
[[1;34mINFO[m] Compiling 1 source file to /lclhome/aadon004/automation/cucumber-linux-test/target/classes
[[1;34mINFO[m] 
[[1;34mINFO[m] [1m--- [0;32mmaven-resources-plugin:2.6:testResources[m [1m(default-testResources)[m @ [36mcucumber-linux-test[0;1m ---[m
[[1;33mWARNING[m] Using platform encoding (UTF-8 actually) to copy filtered resources, i.e. build is platform dependent!
[[1;34mINFO[m] Copying 1 resource
[[1;34mINFO[m] 
[[1;34mINFO[m] [1m--- [0;32mmaven-compiler-plugin:3.1:testCompile[m [1m(default-testCompile)[m @ [36mcucumber-linux-test[0;1m ---[m
[[1;34mINFO[m] Changes detected - recompiling the module!
[[1;33mWARNING[m] File encoding has not been set, using platform encoding UTF-8, i.e. build is platform dependent!
[[1;34mINFO[m] Compiling 2 source files to /lclhome/aadon004/automation/cucumber-linux-test/target/test-classes
[[1;34mINFO[m] 
[[1;34mINFO[m] [1m--- [0;32mmaven-surefire-plugin:2.22.2:test[m [1m(default-test)[m @ [36mcucumber-linux-test[0;1m ---[m
[[1;34mINFO[m] 
[[1;34mINFO[m] -------------------------------------------------------
[[1;34mINFO[m]  T E S T S
[[1;34mINFO[m] -------------------------------------------------------
[[1;34mINFO[m] Running [1mRunCucumberTest[m

Scenario: Say Hello # src/test/resources/features/test.feature:3
SLF4J: No SLF4J providers were found.
SLF4J: Defaulting to no-operation (NOP) logger implementation
SLF4J: See https://www.slf4j.org/codes.html#noProviders for further details.
Apr 12, 2025 9:00:16 AM org.openqa.selenium.devtools.CdpVersionFinder findNearestMatch
WARNING: Unable to find CDP implementation matching 135
Apr 12, 2025 9:00:16 AM org.openqa.selenium.chromium.ChromiumDriver lambda$new$5
WARNING: Unable to find version of CDP to use for 135.0.7049.84. You may need to include a dependency on a specific version of the CDP using something similar to `org.seleniumhq.selenium:selenium-devtools-v86:4.13.0` where the version ("v86") matches the version of the chromium-based browser you're using and the version number of the artifact is the same as Selenium's.
Hello from Linux!
  Given I say hello # stepDefinitions.HelloSteps.i_say_hello()

Scenario: Open my website and verify functionality                                       # src/test/resources/features/test.feature:7
Apr 12, 2025 9:00:17 AM org.openqa.selenium.devtools.CdpVersionFinder findNearestMatch
WARNING: Unable to find CDP implementation matching 135
Apr 12, 2025 9:00:17 AM org.openqa.selenium.chromium.ChromiumDriver lambda$new$5
WARNING: Unable to find version of CDP to use for 135.0.7049.84. You may need to include a dependency on a specific version of the CDP using something similar to `org.seleniumhq.selenium:selenium-devtools-v86:4.13.0` where the version ("v86") matches the version of the chromium-based browser you're using and the version number of the artifact is the same as Selenium's.
  Given I open the browser and navigate to "https://eicdev.fiu.edu/utcdbresearch/search" # stepDefinitions.HelloSteps.i_open_the_browser_and_navigate_to(java.lang.String)
  Then I search for "Design-Bid-Build,Precast Approach Slab"                             # stepDefinitions.HelloSteps.SearchForKeyWord(java.lang.String)
  And I click the Search button                                                          # stepDefinitions.HelloSteps.iClickSearchButton()
Found 15 Results
  Then I verify "15" results                                                             # stepDefinitions.HelloSteps.i_verify_the_site_functions_as_expected(java.lang.String)

Scenario: Open my website and verify functionality                                       # src/test/resources/features/test.feature:13
Apr 12, 2025 9:00:25 AM org.openqa.selenium.devtools.CdpVersionFinder findNearestMatch
WARNING: Unable to find CDP implementation matching 135
Apr 12, 2025 9:00:25 AM org.openqa.selenium.chromium.ChromiumDriver lambda$new$5
WARNING: Unable to find version of CDP to use for 135.0.7049.84. You may need to include a dependency on a specific version of the CDP using something similar to `org.seleniumhq.selenium:selenium-devtools-v86:4.13.0` where the version ("v86") matches the version of the chromium-based browser you're using and the version number of the artifact is the same as Selenium's.
  Given I open the browser and navigate to "https://eicdev.fiu.edu/utcdbresearch/search" # stepDefinitions.HelloSteps.i_open_the_browser_and_navigate_to(java.lang.String)
  Then I select Beam Material "Steel"                                                    # stepDefinitions.HelloSteps.selectBeamMaterial(java.lang.String)
  Then I select Spans "> Three-span"                                                     # stepDefinitions.HelloSteps.selectSpans(java.lang.String)
  Then I search for "Full-Depth Precast Deck Panel w/o PT"                               # stepDefinitions.HelloSteps.SearchForKeyWord(java.lang.String)
  And I click the Search button                                                          # stepDefinitions.HelloSteps.iClickSearchButton()
Found 1 Results
  Then I verify "1" results                                                              # stepDefinitions.HelloSteps.i_verify_the_site_functions_as_expected(java.lang.String)
      java.lang.AssertionError
	at org.junit.Assert.fail(Assert.java:87)
	at org.junit.Assert.assertTrue(Assert.java:42)
	at org.junit.Assert.assertTrue(Assert.java:53)
	at stepDefinitions.HelloSteps.i_verify_the_site_functions_as_expected(HelloSteps.java:82)
	at âœ½.I verify "1" results(file:///lclhome/aadon004/automation/cucumber-linux-test/src/test/resources/features/test.feature:19)


Scenario: Open my website and verify functionality                                       # src/test/resources/features/test.feature:21
Apr 12, 2025 9:00:35 AM org.openqa.selenium.devtools.CdpVersionFinder findNearestMatch
WARNING: Unable to find CDP implementation matching 135
Apr 12, 2025 9:00:35 AM org.openqa.selenium.chromium.ChromiumDriver lambda$new$5
WARNING: Unable to find version of CDP to use for 135.0.7049.84. You may need to include a dependency on a specific version of the CDP using something similar to `org.seleniumhq.selenium:selenium-devtools-v86:4.13.0` where the version ("v86") matches the version of the chromium-based browser you're using and the version number of the artifact is the same as Selenium's.
  Given I open the browser and navigate to "https://eicdev.fiu.edu/utcdbresearch/search" # stepDefinitions.HelloSteps.i_open_the_browser_and_navigate_to(java.lang.String)
  Then I select the Construction Equipment Category "Lateral Slide"                      # stepDefinitions.HelloSteps.selectConstructionEquipement(java.lang.String)
  Then I select the Construction Equipment Category "Longitudinal Launching"             # stepDefinitions.HelloSteps.selectConstructionEquipement(java.lang.String)
  Then I select the location "Urban"                                                     # stepDefinitions.HelloSteps.selectLocation(java.lang.String)
  Then I select the Traffic Impact Category "Tier 1 (within 1 day)"                      # stepDefinitions.HelloSteps.selectTrafficImpactCategory(java.lang.String)
  Then I select the Traffic Impact Category "Tier 2 (within 3 days)"                     # stepDefinitions.HelloSteps.selectTrafficImpactCategory(java.lang.String)
  Then I search for " incentive / disincentive clause"                                   # stepDefinitions.HelloSteps.SearchForKeyWord(java.lang.String)
  And I click the Search button                                                          # stepDefinitions.HelloSteps.iClickSearchButton()
Found 4 Results
  Then I verify "4" results                                                              # stepDefinitions.HelloSteps.i_verify_the_site_functions_as_expected(java.lang.String)

Scenario: Open my website and verify functionality                                       # src/test/resources/features/test.feature:32
Apr 12, 2025 9:00:48 AM org.openqa.selenium.devtools.CdpVersionFinder findNearestMatch
WARNING: Unable to find CDP implementation matching 135
Apr 12, 2025 9:00:48 AM org.openqa.selenium.chromium.ChromiumDriver lambda$new$5
WARNING: Unable to find version of CDP to use for 135.0.7049.84. You may need to include a dependency on a specific version of the CDP using something similar to `org.seleniumhq.selenium:selenium-devtools-v86:4.13.0` where the version ("v86") matches the version of the chromium-based browser you're using and the version number of the artifact is the same as Selenium's.
  Given I open the browser and navigate to "https://eicdev.fiu.edu/utcdbresearch/search" # stepDefinitions.HelloSteps.i_open_the_browser_and_navigate_to(java.lang.String)
  Then I select the location "Urban"                                                     # stepDefinitions.HelloSteps.selectLocation(java.lang.String)
  Then I select the state "Utah"                                                         # stepDefinitions.HelloSteps.i_perform_actions_on_the_site(java.lang.String)
  Then I select the state "Massachusetts"                                                # stepDefinitions.HelloSteps.i_perform_actions_on_the_site(java.lang.String)
  Then I select the Construction Equipment Category "SPMTs"                              # stepDefinitions.HelloSteps.selectConstructionEquipement(java.lang.String)
  Then I select the total bridge length range "150" to "500"                             # stepDefinitions.HelloSteps.selectBridgeLengthRange(java.lang.String,java.lang.String)
  Then I search for "Improved work-zone safety, CIP substructure under traffic , FDcBs"  # stepDefinitions.HelloSteps.SearchForKeyWord(java.lang.String)
  Then I select the max span length range "100" to "200"                                 # stepDefinitions.HelloSteps.selectMaxSpanLength(java.lang.String,java.lang.String)
  And I click the Search button                                                          # stepDefinitions.HelloSteps.iClickSearchButton()
Found 1 Results
  Then I verify "1" results                                                              # stepDefinitions.HelloSteps.i_verify_the_site_functions_as_expected(java.lang.String)

Scenario: Open my website and verify functionality                                       # src/test/resources/features/test.feature:44
Apr 12, 2025 9:01:00 AM org.openqa.selenium.devtools.CdpVersionFinder findNearestMatch
WARNING: Unable to find CDP implementation matching 135
Apr 12, 2025 9:01:00 AM org.openqa.selenium.chromium.ChromiumDriver lambda$new$5
WARNING: Unable to find version of CDP to use for 135.0.7049.84. You may need to include a dependency on a specific version of the CDP using something similar to `org.seleniumhq.selenium:selenium-devtools-v86:4.13.0` where the version ("v86") matches the version of the chromium-based browser you're using and the version number of the artifact is the same as Selenium's.
  Given I open the browser and navigate to "https://eicdev.fiu.edu/utcdbresearch/search" # stepDefinitions.HelloSteps.i_open_the_browser_and_navigate_to(java.lang.String)
  Then I select Funding Source "Federal Only"                                            # stepDefinitions.HelloSteps.SelectFundingSource(java.lang.String)
  Then I select Funding Source "Local"                                                   # stepDefinitions.HelloSteps.SelectFundingSource(java.lang.String)
  Then I select the Average Daily Traffic Range "500" to "2000"                          # stepDefinitions.HelloSteps.selectaverageDailyTraffic(java.lang.String,java.lang.String)
  Then I select the Year built range "2015" to "2024"                                    # stepDefinitions.HelloSteps.selectYearBuilt(java.lang.String,java.lang.String)
  Then I search for "AID Demo"                                                           # stepDefinitions.HelloSteps.SearchForKeyWord(java.lang.String)
  And I click the Search button                                                          # stepDefinitions.HelloSteps.iClickSearchButton()
Found 1 Results
  Then I verify "1" results                                                              # stepDefinitions.HelloSteps.i_verify_the_site_functions_as_expected(java.lang.String)

Scenario: Open my website and verify functionality                                       # src/test/resources/features/test.feature:54
Apr 12, 2025 9:01:11 AM org.openqa.selenium.devtools.CdpVersionFinder findNearestMatch
WARNING: Unable to find CDP implementation matching 135
Apr 12, 2025 9:01:11 AM org.openqa.selenium.chromium.ChromiumDriver lambda$new$5
WARNING: Unable to find version of CDP to use for 135.0.7049.84. You may need to include a dependency on a specific version of the CDP using something similar to `org.seleniumhq.selenium:selenium-devtools-v86:4.13.0` where the version ("v86") matches the version of the chromium-based browser you're using and the version number of the artifact is the same as Selenium's.
  Given I open the browser and navigate to "https://eicdev.fiu.edu/utcdbresearch/search" # stepDefinitions.HelloSteps.i_open_the_browser_and_navigate_to(java.lang.String)
  Then I search for "Longitudinal Launch"                                                # stepDefinitions.HelloSteps.SearchForKeyWord(java.lang.String)
  And I click the Search button                                                          # stepDefinitions.HelloSteps.iClickSearchButton()
Found 1 Results
  Then I verify "1" results                                                              # stepDefinitions.HelloSteps.i_verify_the_site_functions_as_expected(java.lang.String)

Scenario: Open my website and verify functionality                                       # src/test/resources/features/test.feature:60
Apr 12, 2025 9:01:17 AM org.openqa.selenium.devtools.CdpVersionFinder findNearestMatch
WARNING: Unable to find CDP implementation matching 135
Apr 12, 2025 9:01:17 AM org.openqa.selenium.chromium.ChromiumDriver lambda$new$5
WARNING: Unable to find version of CDP to use for 135.0.7049.84. You may need to include a dependency on a specific version of the CDP using something similar to `org.seleniumhq.selenium:selenium-devtools-v86:4.13.0` where the version ("v86") matches the version of the chromium-based browser you're using and the version number of the artifact is the same as Selenium's.
  Given I open the browser and navigate to "https://eicdev.fiu.edu/utcdbresearch/search" # stepDefinitions.HelloSteps.i_open_the_browser_and_navigate_to(java.lang.String)
  Then I search for "CIP substructure under traffic"                                     # stepDefinitions.HelloSteps.SearchForKeyWord(java.lang.String)
  And I click the Search button                                                          # stepDefinitions.HelloSteps.iClickSearchButton()
Found 9 Results
  Then I verify "9" results                                                              # stepDefinitions.HelloSteps.i_verify_the_site_functions_as_expected(java.lang.String)
      java.lang.AssertionError
	at org.junit.Assert.fail(Assert.java:87)
	at org.junit.Assert.assertTrue(Assert.java:42)
	at org.junit.Assert.assertTrue(Assert.java:53)
	at stepDefinitions.HelloSteps.i_verify_the_site_functions_as_expected(HelloSteps.java:82)
	at âœ½.I verify "9" results(file:///lclhome/aadon004/automation/cucumber-linux-test/src/test/resources/features/test.feature:64)

[[1;31mERROR[m] [1;31mTests [0;1mrun: [0;1m8[m, [1;31mFailures: [0;1;31m2[m, Errors: 0, Skipped: 0, Time elapsed: 73.482 s[1;31m <<< FAILURE![m - in [1mRunCucumberTest[m
[[1;31mERROR[m] Open my website and verify functionality #2(Hello)  Time elapsed: 9.611 s  <<< FAILURE!
java.lang.AssertionError

[[1;31mERROR[m] Open my website and verify functionality #7(Hello)  Time elapsed: 6.523 s  <<< FAILURE!
java.lang.AssertionError

[[1;34mINFO[m] 
[[1;34mINFO[m] Results:
[[1;34mINFO[m] 
[[1;31mERROR[m] [1;31mFailures: [m
[[1;31mERROR[m] [1;31m  null[m
[[1;31mERROR[m] [1;31m  null[m
[[1;34mINFO[m] 
[[1;31mERROR[m] [1;31mTests run: 8, Failures: 2, Errors: 0, Skipped: 0[m
[[1;34mINFO[m] 
[[1;31mERROR[m] There are test failures.

Please refer to /lclhome/aadon004/automation/cucumber-linux-test/target/surefire-reports for the individual test results.
Please refer to dump files (if any exist) [date].dump, [date]-jvmRun[N].dump and [date].dumpstream.
[[1;34mINFO[m] 
[[1;34mINFO[m] [1m--- [0;32mmaven-jar-plugin:2.4:jar[m [1m(default-jar)[m @ [36mcucumber-linux-test[0;1m ---[m
[[1;34mINFO[m] Building jar: /lclhome/aadon004/automation/cucumber-linux-test/target/cucumber-linux-test-1.0-SNAPSHOT.jar
[[1;34mINFO[m] 
[[1;34mINFO[m] [1m--- [0;32mexec-maven-plugin:3.1.0:java[m [1m(send-report-email)[m @ [36mcucumber-linux-test[0;1m ---[m
âœ… Report emailed successfully!
[[1;34mINFO[m] [1m------------------------------------------------------------------------[m
[[1;34mINFO[m] [1;32mBUILD SUCCESS[m
[[1;34mINFO[m] [1m------------------------------------------------------------------------[m
[[1;34mINFO[m] Total time:  01:29 min
[[1;34mINFO[m] Finished at: 2025-04-12T09:01:32-04:00
[[1;34mINFO[m] [1m------------------------------------------------------------------------[m
